<!DOCTYPE html>
<html>
<head>
<meta http-equiv="Content-Type" content="text/html; charset=utf-8"/>
<meta http-equiv="x-ua-compatible" content="IE=edge"/>
<title>Test results - Class snake.reverse.ReverseTests</title>
<link href="../css/base-style.css" rel="stylesheet" type="text/css"/>
<link href="../css/style.css" rel="stylesheet" type="text/css"/>
<script src="../js/report.js" type="text/javascript"></script>
</head>
<body>
<div id="content">
<h1>Class snake.reverse.ReverseTests</h1>
<div class="breadcrumbs">
<a href="../index.html">all</a> &gt; 
<a href="../packages/snake.reverse.html">snake.reverse</a> &gt; ReverseTests</div>
<div id="summary">
<table>
<tr>
<td>
<div class="summaryGroup">
<table>
<tr>
<td>
<div class="infoBox" id="tests">
<div class="counter">5</div>
<p>tests</p>
</div>
</td>
<td>
<div class="infoBox" id="failures">
<div class="counter">2</div>
<p>failures</p>
</div>
</td>
<td>
<div class="infoBox" id="ignored">
<div class="counter">0</div>
<p>ignored</p>
</div>
</td>
<td>
<div class="infoBox" id="duration">
<div class="counter">0.030s</div>
<p>duration</p>
</div>
</td>
</tr>
</table>
</div>
</td>
<td>
<div class="infoBox failures" id="successRate">
<div class="percent">60%</div>
<p>successful</p>
</div>
</td>
</tr>
</table>
</div>
<div id="tabs">
<ul class="tabLinks">
<li>
<a href="#tab0">Failed tests</a>
</li>
<li>
<a href="#tab1">Tests</a>
</li>
</ul>
<div id="tab0" class="tab">
<h2>Failed tests</h2>
<div class="test">
<a name="testReverseGameOver"></a>
<h3 class="failures">testReverseGameOver</h3>
<span class="code">
<pre>org.scalatest.exceptions.TestFailedException: didPass was false
Hint: Reversing from a game over state should immediately give the last non game over state
--------------------------------------------------------------------------------
This is what went wrong:

step=0, rand=2, actions=&lt;&gt;
Want  | Got ✓
-------------
OO&gt;.. | OO&gt;..
A.... | A....

step=1, rand=2, actions=&lt;Step&gt;
Want  | Got ✓
-------------
.OO&gt;. | .OO&gt;.
A.... | A....

step=2, rand=2, actions=&lt;Step&gt;
Want  | Got ✓
-------------
..OO&gt; | ..OO&gt;
A.... | A....

step=3, rand=2, actions=&lt;ChangeDir(North()), Step&gt;
Want  | Got ✓
-------------
...OO | ...OO
A...^ | A...^

step=4, rand=2, actions=&lt;Step&gt;
Want              | Got ✓            
-------------------------------------
GameOverDisplay() | GameOverDisplay()

step=5, rand=2, actions=&lt;Step&gt;
Want              | Got ✓            
-------------------------------------
GameOverDisplay() | GameOverDisplay()

step=6, rand=2, actions=&lt;Step&gt;
Want              | Got ✓            
-------------------------------------
GameOverDisplay() | GameOverDisplay()

step=7, rand=2, actions=&lt;ReverseGame(true), Step&gt;
Want  | Got ✓
-------------
...OO | ...OO
A...^ | A...^

step=8, rand=2, actions=&lt;Step&gt;
Want  | Got ✗
-------------
..OO&gt; | ..OO^
A.... | A....

step=9, rand=2, actions=&lt;Step&gt;
Want  | Got ✓
-------------
.OO&gt;. | .OO&gt;.
A.... | A....

step=10, rand=2, actions=&lt;Step&gt;
Want  | Got ✓
-------------
OO&gt;.. | OO&gt;..
A.... | A....


	at org.scalatest.Assertions.newAssertionFailedException(Assertions.scala:530)
	at org.scalatest.Assertions.newAssertionFailedException$(Assertions.scala:529)
	at org.scalatest.FunSuite.newAssertionFailedException(FunSuite.scala:1560)
	at org.scalatest.Assertions$AssertionsHelper.macroAssert(Assertions.scala:503)
	at generic.GameTestSuite.checkGame(GameTestSuite.scala:298)
	at snake.SnakeTestSuiteBase.checkGame(SnakeTestSuiteBase.scala:102)
	at snake.reverse.ReverseTests.$anonfun$new$3(ReverseTests.scala:96)
	at scala.runtime.java8.JFunction0$mcV$sp.apply(JFunction0$mcV$sp.scala:18)
	at infrastructure.TestBase.$anonfun$test$1(TestBase.scala:36)
	at org.scalatest.OutcomeOf.outcomeOf(OutcomeOf.scala:85)
	at org.scalatest.OutcomeOf.outcomeOf$(OutcomeOf.scala:83)
	at org.scalatest.OutcomeOf$.outcomeOf(OutcomeOf.scala:104)
	at org.scalatest.Transformer.apply(Transformer.scala:22)
	at org.scalatest.Transformer.apply(Transformer.scala:20)
	at org.scalatest.FunSuiteLike$$anon$1.apply(FunSuiteLike.scala:186)
	at org.scalatest.TestSuite.withFixture(TestSuite.scala:196)
	at org.scalatest.TestSuite.withFixture$(TestSuite.scala:195)
	at infrastructure.TestBase.org$scalatest$concurrent$TimeLimitedTests$$super$withFixture(TestBase.scala:9)
	at org.scalatest.concurrent.TimeLimitedTests.$anonfun$withFixture$3(TimeLimitedTests.scala:154)
	at org.scalatest.enablers.Timed$$anon$1.timeoutAfter(Timed.scala:127)
	at org.scalatest.concurrent.TimeLimits.failAfterImpl(TimeLimits.scala:239)
	at org.scalatest.concurrent.TimeLimits.failAfterImpl$(TimeLimits.scala:233)
	at org.scalatest.concurrent.TimeLimits$.failAfterImpl(TimeLimits.scala:305)
	at org.scalatest.concurrent.TimeLimitedTests.withFixture(TimeLimitedTests.scala:153)
	at org.scalatest.concurrent.TimeLimitedTests.withFixture$(TimeLimitedTests.scala:150)
	at infrastructure.TestBase.withFixture(TestBase.scala:9)
	at org.scalatest.FunSuiteLike.invokeWithFixture$1(FunSuiteLike.scala:184)
	at org.scalatest.FunSuiteLike.$anonfun$runTest$1(FunSuiteLike.scala:196)
	at org.scalatest.SuperEngine.runTestImpl(Engine.scala:286)
	at org.scalatest.FunSuiteLike.runTest(FunSuiteLike.scala:196)
	at org.scalatest.FunSuiteLike.runTest$(FunSuiteLike.scala:178)
	at org.scalatest.FunSuite.runTest(FunSuite.scala:1560)
	at org.scalatest.FunSuiteLike.$anonfun$runTests$1(FunSuiteLike.scala:229)
	at org.scalatest.SuperEngine.$anonfun$runTestsInBranch$1(Engine.scala:393)
	at scala.collection.immutable.List.foreach(List.scala:305)
	at org.scalatest.SuperEngine.traverseSubNodes$1(Engine.scala:381)
	at org.scalatest.SuperEngine.runTestsInBranch(Engine.scala:376)
	at org.scalatest.SuperEngine.runTestsImpl(Engine.scala:458)
	at org.scalatest.FunSuiteLike.runTests(FunSuiteLike.scala:229)
	at org.scalatest.FunSuiteLike.runTests$(FunSuiteLike.scala:228)
	at org.scalatest.FunSuite.runTests(FunSuite.scala:1560)
	at org.scalatest.Suite.run(Suite.scala:1124)
	at org.scalatest.Suite.run$(Suite.scala:1106)
	at org.scalatest.FunSuite.org$scalatest$FunSuiteLike$$super$run(FunSuite.scala:1560)
	at org.scalatest.FunSuiteLike.$anonfun$run$1(FunSuiteLike.scala:233)
	at org.scalatest.SuperEngine.runImpl(Engine.scala:518)
	at org.scalatest.FunSuiteLike.run(FunSuiteLike.scala:233)
	at org.scalatest.FunSuiteLike.run$(FunSuiteLike.scala:232)
	at infrastructure.TestBase.run(TestBase.scala:26)
	at org.scalatest.Suite.callExecuteOnSuite$1(Suite.scala:1187)
	at org.scalatest.Suite.$anonfun$runNestedSuites$1(Suite.scala:1234)
	at scala.collection.ArrayOps$.foreach$extension(ArrayOps.scala:1323)
	at org.scalatest.Suite.runNestedSuites(Suite.scala:1232)
	at org.scalatest.Suite.runNestedSuites$(Suite.scala:1166)
	at org.scalatest.Suites.runNestedSuites(Suites.scala:56)
	at org.scalatest.Suite.run(Suite.scala:1121)
	at org.scalatest.Suite.run$(Suite.scala:1106)
	at snake.SnakeTestSuite.runDirect(SnakeTestSuite.scala:24)
	at snake.SnakeTestSuite.run(SnakeTestSuite.scala:16)
	at org.scalatestplus.junit.JUnitRunner.run(JUnitRunner.scala:99)
	at org.gradle.api.internal.tasks.testing.junit.JUnitTestClassExecutor.runTestClass(JUnitTestClassExecutor.java:110)
	at org.gradle.api.internal.tasks.testing.junit.JUnitTestClassExecutor.execute(JUnitTestClassExecutor.java:58)
	at org.gradle.api.internal.tasks.testing.junit.JUnitTestClassExecutor.execute(JUnitTestClassExecutor.java:38)
	at org.gradle.api.internal.tasks.testing.junit.AbstractJUnitTestClassProcessor.processTestClass(AbstractJUnitTestClassProcessor.java:62)
	at org.gradle.api.internal.tasks.testing.SuiteTestClassProcessor.processTestClass(SuiteTestClassProcessor.java:51)
	at sun.reflect.NativeMethodAccessorImpl.invoke0(Native Method)
	at sun.reflect.NativeMethodAccessorImpl.invoke(NativeMethodAccessorImpl.java:62)
	at sun.reflect.DelegatingMethodAccessorImpl.invoke(DelegatingMethodAccessorImpl.java:43)
	at java.lang.reflect.Method.invoke(Method.java:498)
	at org.gradle.internal.dispatch.ReflectionDispatch.dispatch(ReflectionDispatch.java:35)
	at org.gradle.internal.dispatch.ReflectionDispatch.dispatch(ReflectionDispatch.java:24)
	at org.gradle.internal.dispatch.ContextClassLoaderDispatch.dispatch(ContextClassLoaderDispatch.java:32)
	at org.gradle.internal.dispatch.ProxyDispatchAdapter$DispatchingInvocationHandler.invoke(ProxyDispatchAdapter.java:93)
	at com.sun.proxy.$Proxy2.processTestClass(Unknown Source)
	at org.gradle.api.internal.tasks.testing.worker.TestWorker.processTestClass(TestWorker.java:118)
	at sun.reflect.NativeMethodAccessorImpl.invoke0(Native Method)
	at sun.reflect.NativeMethodAccessorImpl.invoke(NativeMethodAccessorImpl.java:62)
	at sun.reflect.DelegatingMethodAccessorImpl.invoke(DelegatingMethodAccessorImpl.java:43)
	at java.lang.reflect.Method.invoke(Method.java:498)
	at org.gradle.internal.dispatch.ReflectionDispatch.dispatch(ReflectionDispatch.java:35)
	at org.gradle.internal.dispatch.ReflectionDispatch.dispatch(ReflectionDispatch.java:24)
	at org.gradle.internal.remote.internal.hub.MessageHubBackedObjectConnection$DispatchWrapper.dispatch(MessageHubBackedObjectConnection.java:175)
	at org.gradle.internal.remote.internal.hub.MessageHubBackedObjectConnection$DispatchWrapper.dispatch(MessageHubBackedObjectConnection.java:157)
	at org.gradle.internal.remote.internal.hub.MessageHub$Handler.run(MessageHub.java:404)
	at org.gradle.internal.concurrent.ExecutorPolicy$CatchAndRecordFailures.onExecute(ExecutorPolicy.java:63)
	at org.gradle.internal.concurrent.ManagedExecutorImpl$1.run(ManagedExecutorImpl.java:46)
	at java.util.concurrent.ThreadPoolExecutor.runWorker(ThreadPoolExecutor.java:1149)
	at java.util.concurrent.ThreadPoolExecutor$Worker.run(ThreadPoolExecutor.java:624)
	at org.gradle.internal.concurrent.ThreadFactoryImpl$ManagedThreadRunnable.run(ThreadFactoryImpl.java:55)
	at java.lang.Thread.run(Thread.java:748)
</pre>
</span>
</div>
<div class="test">
<a name="testReverseLong"></a>
<h3 class="failures">testReverseLong</h3>
<span class="code">
<pre>org.scalatest.exceptions.TestFailedException: didPass was false
--------------------------------------------------------------------------------
This is what went wrong:

step=0, rand=2, actions=&lt;&gt;
Want  | Got ✓
-------------
OO&gt;.. | OO&gt;..
A.... | A....
..... | .....
..... | .....
..... | .....

step=1, rand=2, actions=&lt;Step&gt;
Want  | Got ✓
-------------
.OO&gt;. | .OO&gt;.
A.... | A....
..... | .....
..... | .....
..... | .....

step=2, rand=2, actions=&lt;ChangeDir(South()), ChangeDir(West()), Step&gt;
Want  | Got ✓
-------------
..OO. | ..OO.
A..v. | A..v.
..... | .....
..... | .....
..... | .....

step=3, rand=2, actions=&lt;ChangeDir(West()), Step&gt;
Want  | Got ✓
-------------
...O. | ...O.
A.&lt;O. | A.&lt;O.
..... | .....
..... | .....
..... | .....

step=4, rand=2, actions=&lt;Step&gt;
Want  | Got ✓
-------------
..... | .....
A&lt;OO. | A&lt;OO.
..... | .....
..... | .....
..... | .....

step=5, rand=4, actions=&lt;Step&gt;
Want  | Got ✓
-------------
....A | ....A
&lt;OO.. | &lt;OO..
..... | .....
..... | .....
..... | .....

step=6, rand=4, actions=&lt;Step&gt;
Want  | Got ✓
-------------
....A | ....A
OOO.&lt; | OOO.&lt;
..... | .....
..... | .....
..... | .....

step=7, rand=4, actions=&lt;Step&gt;
Want  | Got ✓
-------------
....A | ....A
OOO&lt;O | OOO&lt;O
..... | .....
..... | .....
..... | .....

step=8, rand=4, actions=&lt;ChangeDir(North()), Step&gt;
Want  | Got ✓
-------------
...^A | ...^A
OOOOO | OOOOO
..... | .....
..... | .....
..... | .....

step=9, rand=2, actions=&lt;ChangeDir(East()), Step&gt;
Want  | Got ✓
-------------
..AO&gt; | ..AO&gt;
OO.OO | OO.OO
..... | .....
..... | .....
..... | .....

step=10, rand=2, actions=&lt;Step&gt;
Want  | Got ✓
-------------
&gt;.AOO | &gt;.AOO
OO.OO | OO.OO
..... | .....
..... | .....
..... | .....

step=11, rand=2, actions=&lt;Step&gt;
Want  | Got ✓
-------------
O&gt;AOO | O&gt;AOO
OO.OO | OO.OO
..... | .....
..... | .....
..... | .....

step=12, rand=4, actions=&lt;Step&gt;
Want  | Got ✓
-------------
OO&gt;OO | OO&gt;OO
OO.OO | OO.OO
...A. | ...A.
..... | .....
..... | .....

step=13, rand=4, actions=&lt;Step&gt;
Want              | Got ✓            
-------------------------------------
GameOverDisplay() | GameOverDisplay()

step=14, rand=4, actions=&lt;Step&gt;
Want              | Got ✓            
-------------------------------------
GameOverDisplay() | GameOverDisplay()

step=15, rand=4, actions=&lt;ReverseGame(true), Step&gt;
Want  | Got ✓
-------------
OO&gt;OO | OO&gt;OO
OO.OO | OO.OO
...A. | ...A.
..... | .....
..... | .....

step=16, rand=4, actions=&lt;Step&gt;
Want  | Got ✓
-------------
O&gt;AOO | O&gt;AOO
OO.OO | OO.OO
..... | .....
..... | .....
..... | .....

step=17, rand=4, actions=&lt;ReverseGame(false), Step&gt;
Want  | Got ✓
-------------
OO&gt;OO | OO&gt;OO
OO.OO | OO.OO
...A. | ...A.
..... | .....
..... | .....

step=18, rand=4, actions=&lt;ChangeDir(South()), Step&gt;
Want  | Got ✓
-------------
OOOOO | OOOOO
OOvOO | OOvOO
...A. | ...A.
..... | .....
..... | .....

step=19, rand=4, actions=&lt;Step&gt;
Want  | Got ✓
-------------
OOOOO | OOOOO
OOOOO | OOOOO
..vA. | ..vA.
..... | .....
..... | .....

step=20, rand=2, actions=&lt;ChangeDir(East()), Step&gt;
Want  | Got ✓
-------------
OOOOO | OOOOO
OOOOO | OOOOO
..O&gt;A | ..O&gt;A
..... | .....
..... | .....

step=21, rand=4, actions=&lt;Step&gt;
Want  | Got ✓
-------------
OOOOO | OOOOO
OOOOO | OOOOO
..OO&gt; | ..OO&gt;
..A.. | ..A..
..... | .....

step=22, rand=4, actions=&lt;Step&gt;
Want  | Got ✓
-------------
OOOOO | OOOOO
OOOOO | OOOOO
&gt;.OOO | &gt;.OOO
..A.. | ..A..
..... | .....

step=23, rand=4, actions=&lt;Step&gt;
Want  | Got ✓
-------------
OOOOO | OOOOO
OOOOO | OOOOO
O&gt;OOO | O&gt;OOO
..A.. | ..A..
..... | .....

step=24, rand=4, actions=&lt;ChangeDir(South()), ChangeDir(East()), Step&gt;
Want              | Got ✗
-------------------------
GameOverDisplay() | OOOOO
                  | OOOOO
                  | OOOOO
                  | .vA..
                  | .....

step=25, rand=4, actions=&lt;Step&gt;
Want              | Got ✗
-------------------------
GameOverDisplay() | OOOOO
                  | OOOOO
                  | OOOOO
                  | .OA..
                  | .v...

step=26, rand=4, actions=&lt;ReverseGame(true), Step&gt;
Want  | Got ✗
-------------
OOOOO | OOOOO
OOOOO | OOOOO
O&gt;OOO | OOOOO
..A.. | .vA..
..... | .....

step=27, rand=4, actions=&lt;Step&gt;
Want  | Got ✗
-------------
OOOOO | OOOOO
OOOOO | OOOOO
&gt;.OOO | OvOOO
..A.. | ..A..
..... | .....

step=28, rand=4, actions=&lt;ReverseGame(false), Step&gt;
Want  | Got ✗
-------------
OOOOO | OOOOO
OOOOO | OOOOO
O&gt;OOO | OOOOO
..A.. | .vA..
..... | .....

step=29, rand=4, actions=&lt;ChangeDir(South()), Step&gt;
Want  | Got ✗
-------------
OOOOO | OOOOO
OOOOO | OOOOO
OOOOO | OOOOO
.vA.. | .OA..
..... | .v...

step=30, rand=2, actions=&lt;ChangeDir(East()), Step&gt;
Want  | Got ✗
-------------
OOOOO | OOOOO
OOOOO | OOOOO
OOOOO | OOOOO
.O&gt;.A | .OA..
..... | .O&gt;..

step=31, rand=2, actions=&lt;Step&gt;
Want  | Got ✗
-------------
OOOOO | OOOOO
OOOOO | O.OOO
OOOOO | OOOOO
.OO&gt;A | .OA..
..... | .OO&gt;.

step=32, rand=4, actions=&lt;Step&gt;
Want  | Got ✗
-------------
OOOOO | OOOOO
OOOOO | ..OOO
OOOOO | OOOOO
.OOO&gt; | .OA..
...A. | .OOO&gt;

step=33, rand=4, actions=&lt;Step&gt;
Want  | Got ✗
-------------
OOOOO | OOOOO
OOOOO | ..OO.
OOOOO | OOOOO
&gt;OOOO | .OA..
...A. | &gt;OOOO

step=34, rand=4, actions=&lt;ChangeDir(South()), Step&gt;
Want  | Got ✗            
-------------------------
OOOOO | GameOverDisplay()
OOOOO |                  
OOOOO |                  
OOOOO |                  
v..A. |                  

step=35, rand=4, actions=&lt;ChangeDir(East()), Step&gt;
Want  | Got ✗            
-------------------------
OOOOO | GameOverDisplay()
OOOOO |                  
OOOOO |                  
OOOOO |                  
O&gt;.A. |                  

step=36, rand=4, actions=&lt;Step&gt;
Want  | Got ✗            
-------------------------
OOOOO | GameOverDisplay()
OOOOO |                  
OOOOO |                  
OOOOO |                  
OO&gt;A. |                  

step=37, rand=0, actions=&lt;Step&gt;
Want  | Got ✗            
-------------------------
OOOOO | GameOverDisplay()
OOOOO |                  
OOOOO |                  
OOOOO |                  
OOO&gt;A |                  

step=38, rand=0, actions=&lt;Step&gt;
Want  | Got ✗            
-------------------------
OOOOO | GameOverDisplay()
OOOOO |                  
OOOOO |                  
OOOOO |                  
OOOO&gt; |                  

step=39, rand=0, actions=&lt;Step&gt;
Want              | Got ✓            
-------------------------------------
GameOverDisplay() | GameOverDisplay()

step=40, rand=0, actions=&lt;Step&gt;
Want              | Got ✓            
-------------------------------------
GameOverDisplay() | GameOverDisplay()

step=41, rand=0, actions=&lt;Step&gt;
Want              | Got ✓            
-------------------------------------
GameOverDisplay() | GameOverDisplay()

step=42, rand=0, actions=&lt;ReverseGame(true), Step&gt;
Want  | Got ✗
-------------
OOOOO | OOOOO
OOOOO | ..OO.
OOOOO | OOOOO
OOOOO | .OA..
OOOO&gt; | vOOOO

step=43, rand=0, actions=&lt;Step&gt;
Want  | Got ✗
-------------
OOOOO | OOOOO
OOOOO | ..OOO
OOOOO | OOOOO
OOOOO | .OA..
OOO&gt;A | .OOO&gt;

step=44, rand=0, actions=&lt;Step&gt;
Want  | Got ✗
-------------
OOOOO | OOOOO
OOOOO | O.OOO
OOOOO | OOOOO
OOOOO | .OA..
OO&gt;A. | .OO&gt;.

step=45, rand=0, actions=&lt;Step&gt;
Want  | Got ✗
-------------
OOOOO | OOOOO
OOOOO | OOOOO
OOOOO | OOOOO
OOOOO | .OA..
O&gt;.A. | .O&gt;..

step=46, rand=0, actions=&lt;Step&gt;
Want  | Got ✗
-------------
OOOOO | OOOOO
OOOOO | OOOOO
OOOOO | OOOOO
OOOOO | .OA..
v..A. | .&gt;...

step=47, rand=0, actions=&lt;Step&gt;
Want  | Got ✗
-------------
OOOOO | OOOOO
OOOOO | OOOOO
OOOOO | OOOOO
&gt;OOOO | .vA..
...A. | .....

step=48, rand=0, actions=&lt;Step&gt;
Want  | Got ✗
-------------
OOOOO | OOOOO
OOOOO | OOOOO
OOOOO | OvOOO
.OOO&gt; | ..A..
...A. | .....

step=49, rand=0, actions=&lt;Step&gt;
Want  | Got ✗
-------------
OOOOO | OOOOO
OOOOO | OOOOO
OOOOO | &gt;.OOO
.OO&gt;A | ..A..
..... | .....

step=50, rand=0, actions=&lt;Step&gt;
Want  | Got ✗
-------------
OOOOO | OOOOO
OOOOO | OOOOO
OOOOO | ..OO&gt;
.O&gt;.A | ..A..
..... | .....

step=51, rand=0, actions=&lt;Step&gt;
Want  | Got ✗
-------------
OOOOO | OOOOO
OOOOO | OOOOO
OOOOO | ..O&gt;A
.vA.. | .....
..... | .....

step=52, rand=0, actions=&lt;Step&gt;
Want  | Got ✗
-------------
OOOOO | OOOOO
OOOOO | OOOOO
O&gt;OOO | ..&gt;A.
..A.. | .....
..... | .....

step=53, rand=0, actions=&lt;Step&gt;
Want  | Got ✗
-------------
OOOOO | OOOOO
OOOOO | OOvOO
&gt;.OOO | ...A.
..A.. | .....
..... | .....

step=54, rand=0, actions=&lt;Step&gt;
Want  | Got ✗
-------------
OOOOO | OOvOO
OOOOO | OO.OO
..OO&gt; | ...A.
..A.. | .....
..... | .....

step=55, rand=0, actions=&lt;Step&gt;
Want  | Got ✗
-------------
OOOOO | O&gt;AOO
OOOOO | OO.OO
..O&gt;A | .....
..... | .....
..... | .....

step=56, rand=0, actions=&lt;Step&gt;
Want  | Got ✗
-------------
OOOOO | &gt;.AOO
OOOOO | OO.OO
..vA. | .....
..... | .....
..... | .....

step=57, rand=0, actions=&lt;Step&gt;
Want  | Got ✗
-------------
OOOOO | ..AO&gt;
OOvOO | OO.OO
...A. | .....
..... | .....
..... | .....

step=58, rand=0, actions=&lt;Step&gt;
Want  | Got ✗
-------------
OO&gt;OO | ...&gt;A
OO.OO | OOOOO
...A. | .....
..... | .....
..... | .....

step=59, rand=0, actions=&lt;Step&gt;
Want  | Got ✗
-------------
O&gt;AOO | ....A
OO.OO | OOO^O
..... | .....
..... | .....
..... | .....

step=60, rand=0, actions=&lt;Step&gt;
Want  | Got ✗
-------------
&gt;.AOO | ....A
OO.OO | OOO.&lt;
..... | .....
..... | .....
..... | .....

step=61, rand=0, actions=&lt;Step&gt;
Want  | Got ✗
-------------
..AO&gt; | ....A
OO.OO | &lt;OO..
..... | .....
..... | .....
..... | .....

step=62, rand=0, actions=&lt;Step&gt;
Want  | Got ✗
-------------
...^A | .....
OOOOO | A&lt;OO.
..... | .....
..... | .....
..... | .....

step=63, rand=0, actions=&lt;Step&gt;
Want  | Got ✗
-------------
....A | ...O.
OOO&lt;O | A.&lt;O.
..... | .....
..... | .....
..... | .....

step=64, rand=0, actions=&lt;Step&gt;
Want  | Got ✗
-------------
....A | ..OO.
OOO.&lt; | A..&lt;.
..... | .....
..... | .....
..... | .....

step=65, rand=0, actions=&lt;Step&gt;
Want  | Got ✗
-------------
....A | .OOv.
&lt;OO.. | A....
..... | .....
..... | .....
..... | .....

step=66, rand=0, actions=&lt;Step&gt;
Want  | Got ✗
-------------
..... | OO&gt;..
A&lt;OO. | A....
..... | .....
..... | .....
..... | .....

step=67, rand=0, actions=&lt;Step&gt;
Want  | Got ✗                                                                                                                                           
--------------------------------------------------------------------------------------------------------------------------------------------------------
...O. | LogicFailed(java.util.NoSuchElementException: head of empty list                                                                                
A.&lt;O. | 	at scala.collection.immutable.Nil$.head(List.scala:592)                                                                                        
..... | 	at scala.collection.immutable.Nil$.head(List.scala:591)                                                                                        
..... | 	at snake.logic.SStack.top(SStack.scala:6)                                                                                                      
..... | 	at snake.logic.GameLogic$GameStack.currentFrame(GameLogic.scala:44)                                                                            
      | 	at snake.logic.GameLogic$GameStack.gameOver(GameLogic.scala:46)                                                                                
      | 	at snake.logic.GameLogic.gameOver(GameLogic.scala:15)                                                                                          
      | 	at snake.SnakeLogicWrapper.isGameOver(SnakeTestSuiteBase.scala:60)                                                                             
      | 	at generic.GameTestSuite.getDisplay(GameTestSuite.scala:142)                                                                                   
      | 	at generic.GameTestSuite.performActionsAndGetDisplay(GameTestSuite.scala:151)                                                                  
      | 	at generic.GameTestSuite$TestRecording.$anonfun$implementationDisplays$2(GameTestSuite.scala:197)                                              
      | 	at generic.GameTestSuite$TestRecording.catchLogicError$1(GameTestSuite.scala:182)                                                              
      | 	at generic.GameTestSuite$TestRecording.liftedTree1$1(GameTestSuite.scala:197)                                                                  
      | 	at generic.GameTestSuite$TestRecording.implementationDisplays$lzycompute(GameTestSuite.scala:187)                                              
      | 	at generic.GameTestSuite$TestRecording.implementationDisplays(GameTestSuite.scala:178)                                                         
      | 	at generic.GameTestSuite$TestRecording.passes$lzycompute(GameTestSuite.scala:208)                                                              
      | 	at generic.GameTestSuite$TestRecording.passes(GameTestSuite.scala:207)                                                                         
      | 	at generic.GameTestSuite.checkGame(GameTestSuite.scala:290)                                                                                    
      | 	at snake.SnakeTestSuiteBase.checkGame(SnakeTestSuiteBase.scala:102)                                                                            
      | 	at snake.reverse.ReverseTests.$anonfun$new$5(ReverseTests.scala:149)                                                                           
      | 	at scala.runtime.java8.JFunction0$mcV$sp.apply(JFunction0$mcV$sp.scala:18)                                                                     
      | 	at infrastructure.TestBase.$anonfun$test$1(TestBase.scala:36)                                                                                  
      | 	at org.scalatest.OutcomeOf.outcomeOf(OutcomeOf.scala:85)                                                                                       
      | 	at org.scalatest.OutcomeOf.outcomeOf$(OutcomeOf.scala:83)                                                                                      
      | 	at org.scalatest.OutcomeOf$.outcomeOf(OutcomeOf.scala:104)                                                                                     
      | 	at org.scalatest.Transformer.apply(Transformer.scala:22)                                                                                       
      | 	at org.scalatest.Transformer.apply(Transformer.scala:20)                                                                                       
      | 	at org.scalatest.FunSuiteLike$$anon$1.apply(FunSuiteLike.scala:186)                                                                            
      | 	at org.scalatest.TestSuite.withFixture(TestSuite.scala:196)                                                                                    
      | 	at org.scalatest.TestSuite.withFixture$(TestSuite.scala:195)                                                                                   
      | 	at infrastructure.TestBase.org$scalatest$concurrent$TimeLimitedTests$$super$withFixture(TestBase.scala:9)                                      
      | 	at org.scalatest.concurrent.TimeLimitedTests.$anonfun$withFixture$3(TimeLimitedTests.scala:154)                                                
      | 	at org.scalatest.enablers.Timed$$anon$1.timeoutAfter(Timed.scala:127)                                                                          
      | 	at org.scalatest.concurrent.TimeLimits.failAfterImpl(TimeLimits.scala:239)                                                                     
      | 	at org.scalatest.concurrent.TimeLimits.failAfterImpl$(TimeLimits.scala:233)                                                                    
      | 	at org.scalatest.concurrent.TimeLimits$.failAfterImpl(TimeLimits.scala:305)                                                                    
      | 	at org.scalatest.concurrent.TimeLimitedTests.withFixture(TimeLimitedTests.scala:153)                                                           
      | 	at org.scalatest.concurrent.TimeLimitedTests.withFixture$(TimeLimitedTests.scala:150)                                                          
      | 	at infrastructure.TestBase.withFixture(TestBase.scala:9)                                                                                       
      | 	at org.scalatest.FunSuiteLike.invokeWithFixture$1(FunSuiteLike.scala:184)                                                                      
      | 	at org.scalatest.FunSuiteLike.$anonfun$runTest$1(FunSuiteLike.scala:196)                                                                       
      | 	at org.scalatest.SuperEngine.runTestImpl(Engine.scala:286)                                                                                     
      | 	at org.scalatest.FunSuiteLike.runTest(FunSuiteLike.scala:196)                                                                                  
      | 	at org.scalatest.FunSuiteLike.runTest$(FunSuiteLike.scala:178)                                                                                 
      | 	at org.scalatest.FunSuite.runTest(FunSuite.scala:1560)                                                                                         
      | 	at org.scalatest.FunSuiteLike.$anonfun$runTests$1(FunSuiteLike.scala:229)                                                                      
      | 	at org.scalatest.SuperEngine.$anonfun$runTestsInBranch$1(Engine.scala:393)                                                                     
      | 	at scala.collection.immutable.List.foreach(List.scala:305)                                                                                     
      | 	at org.scalatest.SuperEngine.traverseSubNodes$1(Engine.scala:381)                                                                              
      | 	at org.scalatest.SuperEngine.runTestsInBranch(Engine.scala:376)                                                                                
      | 	at org.scalatest.SuperEngine.runTestsImpl(Engine.scala:458)                                                                                    
      | 	at org.scalatest.FunSuiteLike.runTests(FunSuiteLike.scala:229)                                                                                 
      | 	at org.scalatest.FunSuiteLike.runTests$(FunSuiteLike.scala:228)                                                                                
      | 	at org.scalatest.FunSuite.runTests(FunSuite.scala:1560)                                                                                        
      | 	at org.scalatest.Suite.run(Suite.scala:1124)                                                                                                   
      | 	at org.scalatest.Suite.run$(Suite.scala:1106)                                                                                                  
      | 	at org.scalatest.FunSuite.org$scalatest$FunSuiteLike$$super$run(FunSuite.scala:1560)                                                           
      | 	at org.scalatest.FunSuiteLike.$anonfun$run$1(FunSuiteLike.scala:233)                                                                           
      | 	at org.scalatest.SuperEngine.runImpl(Engine.scala:518)                                                                                         
      | 	at org.scalatest.FunSuiteLike.run(FunSuiteLike.scala:233)                                                                                      
      | 	at org.scalatest.FunSuiteLike.run$(FunSuiteLike.scala:232)                                                                                     
      | 	at infrastructure.TestBase.run(TestBase.scala:26)                                                                                              
      | 	at org.scalatest.Suite.callExecuteOnSuite$1(Suite.scala:1187)                                                                                  
      | 	at org.scalatest.Suite.$anonfun$runNestedSuites$1(Suite.scala:1234)                                                                            
      | 	at scala.collection.ArrayOps$.foreach$extension(ArrayOps.scala:1323)                                                                           
      | 	at org.scalatest.Suite.runNestedSuites(Suite.scala:1232)                                                                                       
      | 	at org.scalatest.Suite.runNestedSuites$(Suite.scala:1166)                                                                                      
      | 	at org.scalatest.Suites.runNestedSuites(Suites.scala:56)                                                                                       
      | 	at org.scalatest.Suite.run(Suite.scala:1121)                                                                                                   
      | 	at org.scalatest.Suite.run$(Suite.scala:1106)                                                                                                  
      | 	at snake.SnakeTestSuite.runDirect(SnakeTestSuite.scala:24)                                                                                     
      | 	at snake.SnakeTestSuite.run(SnakeTestSuite.scala:16)                                                                                           
      | 	at org.scalatestplus.junit.JUnitRunner.run(JUnitRunner.scala:99)                                                                               
      | 	at org.gradle.api.internal.tasks.testing.junit.JUnitTestClassExecutor.runTestClass(JUnitTestClassExecutor.java:110)                            
      | 	at org.gradle.api.internal.tasks.testing.junit.JUnitTestClassExecutor.execute(JUnitTestClassExecutor.java:58)                                  
      | 	at org.gradle.api.internal.tasks.testing.junit.JUnitTestClassExecutor.execute(JUnitTestClassExecutor.java:38)                                  
      | 	at org.gradle.api.internal.tasks.testing.junit.AbstractJUnitTestClassProcessor.processTestClass(AbstractJUnitTestClassProcessor.java:62)       
      | 	at org.gradle.api.internal.tasks.testing.SuiteTestClassProcessor.processTestClass(SuiteTestClassProcessor.java:51)                             
      | 	at sun.reflect.NativeMethodAccessorImpl.invoke0(Native Method)                                                                                 
      | 	at sun.reflect.NativeMethodAccessorImpl.invoke(NativeMethodAccessorImpl.java:62)                                                               
      | 	at sun.reflect.DelegatingMethodAccessorImpl.invoke(DelegatingMethodAccessorImpl.java:43)                                                       
      | 	at java.lang.reflect.Method.invoke(Method.java:498)                                                                                            
      | 	at org.gradle.internal.dispatch.ReflectionDispatch.dispatch(ReflectionDispatch.java:35)                                                        
      | 	at org.gradle.internal.dispatch.ReflectionDispatch.dispatch(ReflectionDispatch.java:24)                                                        
      | 	at org.gradle.internal.dispatch.ContextClassLoaderDispatch.dispatch(ContextClassLoaderDispatch.java:32)                                        
      | 	at org.gradle.internal.dispatch.ProxyDispatchAdapter$DispatchingInvocationHandler.invoke(ProxyDispatchAdapter.java:93)                         
      | 	at com.sun.proxy.$Proxy2.processTestClass(Unknown Source)                                                                                      
      | 	at org.gradle.api.internal.tasks.testing.worker.TestWorker.processTestClass(TestWorker.java:118)                                               
      | 	at sun.reflect.NativeMethodAccessorImpl.invoke0(Native Method)                                                                                 
      | 	at sun.reflect.NativeMethodAccessorImpl.invoke(NativeMethodAccessorImpl.java:62)                                                               
      | 	at sun.reflect.DelegatingMethodAccessorImpl.invoke(DelegatingMethodAccessorImpl.java:43)                                                       
      | 	at java.lang.reflect.Method.invoke(Method.java:498)                                                                                            
      | 	at org.gradle.internal.dispatch.ReflectionDispatch.dispatch(ReflectionDispatch.java:35)                                                        
      | 	at org.gradle.internal.dispatch.ReflectionDispatch.dispatch(ReflectionDispatch.java:24)                                                        
      | 	at org.gradle.internal.remote.internal.hub.MessageHubBackedObjectConnection$DispatchWrapper.dispatch(MessageHubBackedObjectConnection.java:175)
      | 	at org.gradle.internal.remote.internal.hub.MessageHubBackedObjectConnection$DispatchWrapper.dispatch(MessageHubBackedObjectConnection.java:157)
      | 	at org.gradle.internal.remote.internal.hub.MessageHub$Handler.run(MessageHub.java:404)                                                         
      | 	at org.gradle.internal.concurrent.ExecutorPolicy$CatchAndRecordFailures.onExecute(ExecutorPolicy.java:63)                                      
      | 	at org.gradle.internal.concurrent.ManagedExecutorImpl$1.run(ManagedExecutorImpl.java:46)                                                       
      | 	at java.util.concurrent.ThreadPoolExecutor.runWorker(ThreadPoolExecutor.java:1149)                                                             
      | 	at java.util.concurrent.ThreadPoolExecutor$Worker.run(ThreadPoolExecutor.java:624)                                                             
      | 	at org.gradle.internal.concurrent.ThreadFactoryImpl$ManagedThreadRunnable.run(ThreadFactoryImpl.java:55)                                       
      | 	at java.lang.Thread.run(Thread.java:748)                                                                                                       
      | )                                                                                                                                               


	at org.scalatest.Assertions.newAssertionFailedException(Assertions.scala:530)
	at org.scalatest.Assertions.newAssertionFailedException$(Assertions.scala:529)
	at org.scalatest.FunSuite.newAssertionFailedException(FunSuite.scala:1560)
	at org.scalatest.Assertions$AssertionsHelper.macroAssert(Assertions.scala:503)
	at generic.GameTestSuite.checkGame(GameTestSuite.scala:298)
	at snake.SnakeTestSuiteBase.checkGame(SnakeTestSuiteBase.scala:102)
	at snake.reverse.ReverseTests.$anonfun$new$5(ReverseTests.scala:149)
	at scala.runtime.java8.JFunction0$mcV$sp.apply(JFunction0$mcV$sp.scala:18)
	at infrastructure.TestBase.$anonfun$test$1(TestBase.scala:36)
	at org.scalatest.OutcomeOf.outcomeOf(OutcomeOf.scala:85)
	at org.scalatest.OutcomeOf.outcomeOf$(OutcomeOf.scala:83)
	at org.scalatest.OutcomeOf$.outcomeOf(OutcomeOf.scala:104)
	at org.scalatest.Transformer.apply(Transformer.scala:22)
	at org.scalatest.Transformer.apply(Transformer.scala:20)
	at org.scalatest.FunSuiteLike$$anon$1.apply(FunSuiteLike.scala:186)
	at org.scalatest.TestSuite.withFixture(TestSuite.scala:196)
	at org.scalatest.TestSuite.withFixture$(TestSuite.scala:195)
	at infrastructure.TestBase.org$scalatest$concurrent$TimeLimitedTests$$super$withFixture(TestBase.scala:9)
	at org.scalatest.concurrent.TimeLimitedTests.$anonfun$withFixture$3(TimeLimitedTests.scala:154)
	at org.scalatest.enablers.Timed$$anon$1.timeoutAfter(Timed.scala:127)
	at org.scalatest.concurrent.TimeLimits.failAfterImpl(TimeLimits.scala:239)
	at org.scalatest.concurrent.TimeLimits.failAfterImpl$(TimeLimits.scala:233)
	at org.scalatest.concurrent.TimeLimits$.failAfterImpl(TimeLimits.scala:305)
	at org.scalatest.concurrent.TimeLimitedTests.withFixture(TimeLimitedTests.scala:153)
	at org.scalatest.concurrent.TimeLimitedTests.withFixture$(TimeLimitedTests.scala:150)
	at infrastructure.TestBase.withFixture(TestBase.scala:9)
	at org.scalatest.FunSuiteLike.invokeWithFixture$1(FunSuiteLike.scala:184)
	at org.scalatest.FunSuiteLike.$anonfun$runTest$1(FunSuiteLike.scala:196)
	at org.scalatest.SuperEngine.runTestImpl(Engine.scala:286)
	at org.scalatest.FunSuiteLike.runTest(FunSuiteLike.scala:196)
	at org.scalatest.FunSuiteLike.runTest$(FunSuiteLike.scala:178)
	at org.scalatest.FunSuite.runTest(FunSuite.scala:1560)
	at org.scalatest.FunSuiteLike.$anonfun$runTests$1(FunSuiteLike.scala:229)
	at org.scalatest.SuperEngine.$anonfun$runTestsInBranch$1(Engine.scala:393)
	at scala.collection.immutable.List.foreach(List.scala:305)
	at org.scalatest.SuperEngine.traverseSubNodes$1(Engine.scala:381)
	at org.scalatest.SuperEngine.runTestsInBranch(Engine.scala:376)
	at org.scalatest.SuperEngine.runTestsImpl(Engine.scala:458)
	at org.scalatest.FunSuiteLike.runTests(FunSuiteLike.scala:229)
	at org.scalatest.FunSuiteLike.runTests$(FunSuiteLike.scala:228)
	at org.scalatest.FunSuite.runTests(FunSuite.scala:1560)
	at org.scalatest.Suite.run(Suite.scala:1124)
	at org.scalatest.Suite.run$(Suite.scala:1106)
	at org.scalatest.FunSuite.org$scalatest$FunSuiteLike$$super$run(FunSuite.scala:1560)
	at org.scalatest.FunSuiteLike.$anonfun$run$1(FunSuiteLike.scala:233)
	at org.scalatest.SuperEngine.runImpl(Engine.scala:518)
	at org.scalatest.FunSuiteLike.run(FunSuiteLike.scala:233)
	at org.scalatest.FunSuiteLike.run$(FunSuiteLike.scala:232)
	at infrastructure.TestBase.run(TestBase.scala:26)
	at org.scalatest.Suite.callExecuteOnSuite$1(Suite.scala:1187)
	at org.scalatest.Suite.$anonfun$runNestedSuites$1(Suite.scala:1234)
	at scala.collection.ArrayOps$.foreach$extension(ArrayOps.scala:1323)
	at org.scalatest.Suite.runNestedSuites(Suite.scala:1232)
	at org.scalatest.Suite.runNestedSuites$(Suite.scala:1166)
	at org.scalatest.Suites.runNestedSuites(Suites.scala:56)
	at org.scalatest.Suite.run(Suite.scala:1121)
	at org.scalatest.Suite.run$(Suite.scala:1106)
	at snake.SnakeTestSuite.runDirect(SnakeTestSuite.scala:24)
	at snake.SnakeTestSuite.run(SnakeTestSuite.scala:16)
	at org.scalatestplus.junit.JUnitRunner.run(JUnitRunner.scala:99)
	at org.gradle.api.internal.tasks.testing.junit.JUnitTestClassExecutor.runTestClass(JUnitTestClassExecutor.java:110)
	at org.gradle.api.internal.tasks.testing.junit.JUnitTestClassExecutor.execute(JUnitTestClassExecutor.java:58)
	at org.gradle.api.internal.tasks.testing.junit.JUnitTestClassExecutor.execute(JUnitTestClassExecutor.java:38)
	at org.gradle.api.internal.tasks.testing.junit.AbstractJUnitTestClassProcessor.processTestClass(AbstractJUnitTestClassProcessor.java:62)
	at org.gradle.api.internal.tasks.testing.SuiteTestClassProcessor.processTestClass(SuiteTestClassProcessor.java:51)
	at sun.reflect.NativeMethodAccessorImpl.invoke0(Native Method)
	at sun.reflect.NativeMethodAccessorImpl.invoke(NativeMethodAccessorImpl.java:62)
	at sun.reflect.DelegatingMethodAccessorImpl.invoke(DelegatingMethodAccessorImpl.java:43)
	at java.lang.reflect.Method.invoke(Method.java:498)
	at org.gradle.internal.dispatch.ReflectionDispatch.dispatch(ReflectionDispatch.java:35)
	at org.gradle.internal.dispatch.ReflectionDispatch.dispatch(ReflectionDispatch.java:24)
	at org.gradle.internal.dispatch.ContextClassLoaderDispatch.dispatch(ContextClassLoaderDispatch.java:32)
	at org.gradle.internal.dispatch.ProxyDispatchAdapter$DispatchingInvocationHandler.invoke(ProxyDispatchAdapter.java:93)
	at com.sun.proxy.$Proxy2.processTestClass(Unknown Source)
	at org.gradle.api.internal.tasks.testing.worker.TestWorker.processTestClass(TestWorker.java:118)
	at sun.reflect.NativeMethodAccessorImpl.invoke0(Native Method)
	at sun.reflect.NativeMethodAccessorImpl.invoke(NativeMethodAccessorImpl.java:62)
	at sun.reflect.DelegatingMethodAccessorImpl.invoke(DelegatingMethodAccessorImpl.java:43)
	at java.lang.reflect.Method.invoke(Method.java:498)
	at org.gradle.internal.dispatch.ReflectionDispatch.dispatch(ReflectionDispatch.java:35)
	at org.gradle.internal.dispatch.ReflectionDispatch.dispatch(ReflectionDispatch.java:24)
	at org.gradle.internal.remote.internal.hub.MessageHubBackedObjectConnection$DispatchWrapper.dispatch(MessageHubBackedObjectConnection.java:175)
	at org.gradle.internal.remote.internal.hub.MessageHubBackedObjectConnection$DispatchWrapper.dispatch(MessageHubBackedObjectConnection.java:157)
	at org.gradle.internal.remote.internal.hub.MessageHub$Handler.run(MessageHub.java:404)
	at org.gradle.internal.concurrent.ExecutorPolicy$CatchAndRecordFailures.onExecute(ExecutorPolicy.java:63)
	at org.gradle.internal.concurrent.ManagedExecutorImpl$1.run(ManagedExecutorImpl.java:46)
	at java.util.concurrent.ThreadPoolExecutor.runWorker(ThreadPoolExecutor.java:1149)
	at java.util.concurrent.ThreadPoolExecutor$Worker.run(ThreadPoolExecutor.java:624)
	at org.gradle.internal.concurrent.ThreadFactoryImpl$ManagedThreadRunnable.run(ThreadFactoryImpl.java:55)
	at java.lang.Thread.run(Thread.java:748)
</pre>
</span>
</div>
</div>
<div id="tab1" class="tab">
<h2>Tests</h2>
<table>
<thead>
<tr>
<th>Test</th>
<th>Duration</th>
<th>Result</th>
</tr>
</thead>
<tr>
<td class="success">testChangeThePast</td>
<td class="success">0.002s</td>
<td class="success">passed</td>
</tr>
<tr>
<td class="failures">testReverseGameOver</td>
<td class="failures">0.012s</td>
<td class="failures">failed</td>
</tr>
<tr>
<td class="failures">testReverseLong</td>
<td class="failures">0.014s</td>
<td class="failures">failed</td>
</tr>
<tr>
<td class="success">testReversePastStart</td>
<td class="success">0.001s</td>
<td class="success">passed</td>
</tr>
<tr>
<td class="success">testReverseSimple</td>
<td class="success">0.001s</td>
<td class="success">passed</td>
</tr>
</table>
</div>
</div>
<div id="footer">
<p>
<div>
<label class="hidden" id="label-for-line-wrapping-toggle" for="line-wrapping-toggle">Wrap lines
<input id="line-wrapping-toggle" type="checkbox" autocomplete="off"/>
</label>
</div>Generated by 
<a href="http://www.gradle.org">Gradle 5.2.1</a> at 17-sep-2020 21:02:06</p>
</div>
</div>
</body>
</html>
