<?xml version="1.0" encoding="UTF-8"?>
<testsuite name="snake.reverse.ReverseTests" tests="5" skipped="0" failures="2" errors="0" timestamp="2020-09-17T19:02:06" hostname="JARVIS" time="0.031">
  <properties/>
  <testcase name="testReverseSimple" classname="snake.reverse.ReverseTests" time="0.001"/>
  <testcase name="testReversePastStart" classname="snake.reverse.ReverseTests" time="0.001"/>
  <testcase name="testReverseGameOver" classname="snake.reverse.ReverseTests" time="0.012">
    <failure message="org.scalatest.exceptions.TestFailedException: didPass was false&#10;Hint: Reversing from a game over state should immediately give the last non game over state&#10;--------------------------------------------------------------------------------&#10;This is what went wrong:&#10;&#10;step=0, rand=2, actions=&lt;&gt;&#10;Want  | Got ✓&#10;-------------&#10;OO&gt;.. | OO&gt;..&#10;A.... | A....&#10;&#10;step=1, rand=2, actions=&lt;Step&gt;&#10;Want  | Got ✓&#10;-------------&#10;.OO&gt;. | .OO&gt;.&#10;A.... | A....&#10;&#10;step=2, rand=2, actions=&lt;Step&gt;&#10;Want  | Got ✓&#10;-------------&#10;..OO&gt; | ..OO&gt;&#10;A.... | A....&#10;&#10;step=3, rand=2, actions=&lt;ChangeDir(North()), Step&gt;&#10;Want  | Got ✓&#10;-------------&#10;...OO | ...OO&#10;A...^ | A...^&#10;&#10;step=4, rand=2, actions=&lt;Step&gt;&#10;Want              | Got ✓            &#10;-------------------------------------&#10;GameOverDisplay() | GameOverDisplay()&#10;&#10;step=5, rand=2, actions=&lt;Step&gt;&#10;Want              | Got ✓            &#10;-------------------------------------&#10;GameOverDisplay() | GameOverDisplay()&#10;&#10;step=6, rand=2, actions=&lt;Step&gt;&#10;Want              | Got ✓            &#10;-------------------------------------&#10;GameOverDisplay() | GameOverDisplay()&#10;&#10;step=7, rand=2, actions=&lt;ReverseGame(true), Step&gt;&#10;Want  | Got ✓&#10;-------------&#10;...OO | ...OO&#10;A...^ | A...^&#10;&#10;step=8, rand=2, actions=&lt;Step&gt;&#10;Want  | Got ✗&#10;-------------&#10;..OO&gt; | ..OO^&#10;A.... | A....&#10;&#10;step=9, rand=2, actions=&lt;Step&gt;&#10;Want  | Got ✓&#10;-------------&#10;.OO&gt;. | .OO&gt;.&#10;A.... | A....&#10;&#10;step=10, rand=2, actions=&lt;Step&gt;&#10;Want  | Got ✓&#10;-------------&#10;OO&gt;.. | OO&gt;..&#10;A.... | A....&#10;&#10;" type="org.scalatest.exceptions.TestFailedException">org.scalatest.exceptions.TestFailedException: didPass was false
Hint: Reversing from a game over state should immediately give the last non game over state
--------------------------------------------------------------------------------
This is what went wrong:

step=0, rand=2, actions=&lt;&gt;
Want  | Got ✓
-------------
OO&gt;.. | OO&gt;..
A.... | A....

step=1, rand=2, actions=&lt;Step&gt;
Want  | Got ✓
-------------
.OO&gt;. | .OO&gt;.
A.... | A....

step=2, rand=2, actions=&lt;Step&gt;
Want  | Got ✓
-------------
..OO&gt; | ..OO&gt;
A.... | A....

step=3, rand=2, actions=&lt;ChangeDir(North()), Step&gt;
Want  | Got ✓
-------------
...OO | ...OO
A...^ | A...^

step=4, rand=2, actions=&lt;Step&gt;
Want              | Got ✓            
-------------------------------------
GameOverDisplay() | GameOverDisplay()

step=5, rand=2, actions=&lt;Step&gt;
Want              | Got ✓            
-------------------------------------
GameOverDisplay() | GameOverDisplay()

step=6, rand=2, actions=&lt;Step&gt;
Want              | Got ✓            
-------------------------------------
GameOverDisplay() | GameOverDisplay()

step=7, rand=2, actions=&lt;ReverseGame(true), Step&gt;
Want  | Got ✓
-------------
...OO | ...OO
A...^ | A...^

step=8, rand=2, actions=&lt;Step&gt;
Want  | Got ✗
-------------
..OO&gt; | ..OO^
A.... | A....

step=9, rand=2, actions=&lt;Step&gt;
Want  | Got ✓
-------------
.OO&gt;. | .OO&gt;.
A.... | A....

step=10, rand=2, actions=&lt;Step&gt;
Want  | Got ✓
-------------
OO&gt;.. | OO&gt;..
A.... | A....


	at org.scalatest.Assertions.newAssertionFailedException(Assertions.scala:530)
	at org.scalatest.Assertions.newAssertionFailedException$(Assertions.scala:529)
	at org.scalatest.FunSuite.newAssertionFailedException(FunSuite.scala:1560)
	at org.scalatest.Assertions$AssertionsHelper.macroAssert(Assertions.scala:503)
	at generic.GameTestSuite.checkGame(GameTestSuite.scala:298)
	at snake.SnakeTestSuiteBase.checkGame(SnakeTestSuiteBase.scala:102)
	at snake.reverse.ReverseTests.$anonfun$new$3(ReverseTests.scala:96)
	at scala.runtime.java8.JFunction0$mcV$sp.apply(JFunction0$mcV$sp.scala:18)
	at infrastructure.TestBase.$anonfun$test$1(TestBase.scala:36)
	at org.scalatest.OutcomeOf.outcomeOf(OutcomeOf.scala:85)
	at org.scalatest.OutcomeOf.outcomeOf$(OutcomeOf.scala:83)
	at org.scalatest.OutcomeOf$.outcomeOf(OutcomeOf.scala:104)
	at org.scalatest.Transformer.apply(Transformer.scala:22)
	at org.scalatest.Transformer.apply(Transformer.scala:20)
	at org.scalatest.FunSuiteLike$$anon$1.apply(FunSuiteLike.scala:186)
	at org.scalatest.TestSuite.withFixture(TestSuite.scala:196)
	at org.scalatest.TestSuite.withFixture$(TestSuite.scala:195)
	at infrastructure.TestBase.org$scalatest$concurrent$TimeLimitedTests$$super$withFixture(TestBase.scala:9)
	at org.scalatest.concurrent.TimeLimitedTests.$anonfun$withFixture$3(TimeLimitedTests.scala:154)
	at org.scalatest.enablers.Timed$$anon$1.timeoutAfter(Timed.scala:127)
	at org.scalatest.concurrent.TimeLimits.failAfterImpl(TimeLimits.scala:239)
	at org.scalatest.concurrent.TimeLimits.failAfterImpl$(TimeLimits.scala:233)
	at org.scalatest.concurrent.TimeLimits$.failAfterImpl(TimeLimits.scala:305)
	at org.scalatest.concurrent.TimeLimitedTests.withFixture(TimeLimitedTests.scala:153)
	at org.scalatest.concurrent.TimeLimitedTests.withFixture$(TimeLimitedTests.scala:150)
	at infrastructure.TestBase.withFixture(TestBase.scala:9)
	at org.scalatest.FunSuiteLike.invokeWithFixture$1(FunSuiteLike.scala:184)
	at org.scalatest.FunSuiteLike.$anonfun$runTest$1(FunSuiteLike.scala:196)
	at org.scalatest.SuperEngine.runTestImpl(Engine.scala:286)
	at org.scalatest.FunSuiteLike.runTest(FunSuiteLike.scala:196)
	at org.scalatest.FunSuiteLike.runTest$(FunSuiteLike.scala:178)
	at org.scalatest.FunSuite.runTest(FunSuite.scala:1560)
	at org.scalatest.FunSuiteLike.$anonfun$runTests$1(FunSuiteLike.scala:229)
	at org.scalatest.SuperEngine.$anonfun$runTestsInBranch$1(Engine.scala:393)
	at scala.collection.immutable.List.foreach(List.scala:305)
	at org.scalatest.SuperEngine.traverseSubNodes$1(Engine.scala:381)
	at org.scalatest.SuperEngine.runTestsInBranch(Engine.scala:376)
	at org.scalatest.SuperEngine.runTestsImpl(Engine.scala:458)
	at org.scalatest.FunSuiteLike.runTests(FunSuiteLike.scala:229)
	at org.scalatest.FunSuiteLike.runTests$(FunSuiteLike.scala:228)
	at org.scalatest.FunSuite.runTests(FunSuite.scala:1560)
	at org.scalatest.Suite.run(Suite.scala:1124)
	at org.scalatest.Suite.run$(Suite.scala:1106)
	at org.scalatest.FunSuite.org$scalatest$FunSuiteLike$$super$run(FunSuite.scala:1560)
	at org.scalatest.FunSuiteLike.$anonfun$run$1(FunSuiteLike.scala:233)
	at org.scalatest.SuperEngine.runImpl(Engine.scala:518)
	at org.scalatest.FunSuiteLike.run(FunSuiteLike.scala:233)
	at org.scalatest.FunSuiteLike.run$(FunSuiteLike.scala:232)
	at infrastructure.TestBase.run(TestBase.scala:26)
	at org.scalatest.Suite.callExecuteOnSuite$1(Suite.scala:1187)
	at org.scalatest.Suite.$anonfun$runNestedSuites$1(Suite.scala:1234)
	at scala.collection.ArrayOps$.foreach$extension(ArrayOps.scala:1323)
	at org.scalatest.Suite.runNestedSuites(Suite.scala:1232)
	at org.scalatest.Suite.runNestedSuites$(Suite.scala:1166)
	at org.scalatest.Suites.runNestedSuites(Suites.scala:56)
	at org.scalatest.Suite.run(Suite.scala:1121)
	at org.scalatest.Suite.run$(Suite.scala:1106)
	at snake.SnakeTestSuite.runDirect(SnakeTestSuite.scala:24)
	at snake.SnakeTestSuite.run(SnakeTestSuite.scala:16)
	at org.scalatestplus.junit.JUnitRunner.run(JUnitRunner.scala:99)
	at org.gradle.api.internal.tasks.testing.junit.JUnitTestClassExecutor.runTestClass(JUnitTestClassExecutor.java:110)
	at org.gradle.api.internal.tasks.testing.junit.JUnitTestClassExecutor.execute(JUnitTestClassExecutor.java:58)
	at org.gradle.api.internal.tasks.testing.junit.JUnitTestClassExecutor.execute(JUnitTestClassExecutor.java:38)
	at org.gradle.api.internal.tasks.testing.junit.AbstractJUnitTestClassProcessor.processTestClass(AbstractJUnitTestClassProcessor.java:62)
	at org.gradle.api.internal.tasks.testing.SuiteTestClassProcessor.processTestClass(SuiteTestClassProcessor.java:51)
	at sun.reflect.NativeMethodAccessorImpl.invoke0(Native Method)
	at sun.reflect.NativeMethodAccessorImpl.invoke(NativeMethodAccessorImpl.java:62)
	at sun.reflect.DelegatingMethodAccessorImpl.invoke(DelegatingMethodAccessorImpl.java:43)
	at java.lang.reflect.Method.invoke(Method.java:498)
	at org.gradle.internal.dispatch.ReflectionDispatch.dispatch(ReflectionDispatch.java:35)
	at org.gradle.internal.dispatch.ReflectionDispatch.dispatch(ReflectionDispatch.java:24)
	at org.gradle.internal.dispatch.ContextClassLoaderDispatch.dispatch(ContextClassLoaderDispatch.java:32)
	at org.gradle.internal.dispatch.ProxyDispatchAdapter$DispatchingInvocationHandler.invoke(ProxyDispatchAdapter.java:93)
	at com.sun.proxy.$Proxy2.processTestClass(Unknown Source)
	at org.gradle.api.internal.tasks.testing.worker.TestWorker.processTestClass(TestWorker.java:118)
	at sun.reflect.NativeMethodAccessorImpl.invoke0(Native Method)
	at sun.reflect.NativeMethodAccessorImpl.invoke(NativeMethodAccessorImpl.java:62)
	at sun.reflect.DelegatingMethodAccessorImpl.invoke(DelegatingMethodAccessorImpl.java:43)
	at java.lang.reflect.Method.invoke(Method.java:498)
	at org.gradle.internal.dispatch.ReflectionDispatch.dispatch(ReflectionDispatch.java:35)
	at org.gradle.internal.dispatch.ReflectionDispatch.dispatch(ReflectionDispatch.java:24)
	at org.gradle.internal.remote.internal.hub.MessageHubBackedObjectConnection$DispatchWrapper.dispatch(MessageHubBackedObjectConnection.java:175)
	at org.gradle.internal.remote.internal.hub.MessageHubBackedObjectConnection$DispatchWrapper.dispatch(MessageHubBackedObjectConnection.java:157)
	at org.gradle.internal.remote.internal.hub.MessageHub$Handler.run(MessageHub.java:404)
	at org.gradle.internal.concurrent.ExecutorPolicy$CatchAndRecordFailures.onExecute(ExecutorPolicy.java:63)
	at org.gradle.internal.concurrent.ManagedExecutorImpl$1.run(ManagedExecutorImpl.java:46)
	at java.util.concurrent.ThreadPoolExecutor.runWorker(ThreadPoolExecutor.java:1149)
	at java.util.concurrent.ThreadPoolExecutor$Worker.run(ThreadPoolExecutor.java:624)
	at org.gradle.internal.concurrent.ThreadFactoryImpl$ManagedThreadRunnable.run(ThreadFactoryImpl.java:55)
	at java.lang.Thread.run(Thread.java:748)
</failure>
  </testcase>
  <testcase name="testChangeThePast" classname="snake.reverse.ReverseTests" time="0.002"/>
  <testcase name="testReverseLong" classname="snake.reverse.ReverseTests" time="0.014">
    <failure message="org.scalatest.exceptions.TestFailedException: didPass was false&#10;--------------------------------------------------------------------------------&#10;This is what went wrong:&#10;&#10;step=0, rand=2, actions=&lt;&gt;&#10;Want  | Got ✓&#10;-------------&#10;OO&gt;.. | OO&gt;..&#10;A.... | A....&#10;..... | .....&#10;..... | .....&#10;..... | .....&#10;&#10;step=1, rand=2, actions=&lt;Step&gt;&#10;Want  | Got ✓&#10;-------------&#10;.OO&gt;. | .OO&gt;.&#10;A.... | A....&#10;..... | .....&#10;..... | .....&#10;..... | .....&#10;&#10;step=2, rand=2, actions=&lt;ChangeDir(South()), ChangeDir(West()), Step&gt;&#10;Want  | Got ✓&#10;-------------&#10;..OO. | ..OO.&#10;A..v. | A..v.&#10;..... | .....&#10;..... | .....&#10;..... | .....&#10;&#10;step=3, rand=2, actions=&lt;ChangeDir(West()), Step&gt;&#10;Want  | Got ✓&#10;-------------&#10;...O. | ...O.&#10;A.&lt;O. | A.&lt;O.&#10;..... | .....&#10;..... | .....&#10;..... | .....&#10;&#10;step=4, rand=2, actions=&lt;Step&gt;&#10;Want  | Got ✓&#10;-------------&#10;..... | .....&#10;A&lt;OO. | A&lt;OO.&#10;..... | .....&#10;..... | .....&#10;..... | .....&#10;&#10;step=5, rand=4, actions=&lt;Step&gt;&#10;Want  | Got ✓&#10;-------------&#10;....A | ....A&#10;&lt;OO.. | &lt;OO..&#10;..... | .....&#10;..... | .....&#10;..... | .....&#10;&#10;step=6, rand=4, actions=&lt;Step&gt;&#10;Want  | Got ✓&#10;-------------&#10;....A | ....A&#10;OOO.&lt; | OOO.&lt;&#10;..... | .....&#10;..... | .....&#10;..... | .....&#10;&#10;step=7, rand=4, actions=&lt;Step&gt;&#10;Want  | Got ✓&#10;-------------&#10;....A | ....A&#10;OOO&lt;O | OOO&lt;O&#10;..... | .....&#10;..... | .....&#10;..... | .....&#10;&#10;step=8, rand=4, actions=&lt;ChangeDir(North()), Step&gt;&#10;Want  | Got ✓&#10;-------------&#10;...^A | ...^A&#10;OOOOO | OOOOO&#10;..... | .....&#10;..... | .....&#10;..... | .....&#10;&#10;step=9, rand=2, actions=&lt;ChangeDir(East()), Step&gt;&#10;Want  | Got ✓&#10;-------------&#10;..AO&gt; | ..AO&gt;&#10;OO.OO | OO.OO&#10;..... | .....&#10;..... | .....&#10;..... | .....&#10;&#10;step=10, rand=2, actions=&lt;Step&gt;&#10;Want  | Got ✓&#10;-------------&#10;&gt;.AOO | &gt;.AOO&#10;OO.OO | OO.OO&#10;..... | .....&#10;..... | .....&#10;..... | .....&#10;&#10;step=11, rand=2, actions=&lt;Step&gt;&#10;Want  | Got ✓&#10;-------------&#10;O&gt;AOO | O&gt;AOO&#10;OO.OO | OO.OO&#10;..... | .....&#10;..... | .....&#10;..... | .....&#10;&#10;step=12, rand=4, actions=&lt;Step&gt;&#10;Want  | Got ✓&#10;-------------&#10;OO&gt;OO | OO&gt;OO&#10;OO.OO | OO.OO&#10;...A. | ...A.&#10;..... | .....&#10;..... | .....&#10;&#10;step=13, rand=4, actions=&lt;Step&gt;&#10;Want              | Got ✓            &#10;-------------------------------------&#10;GameOverDisplay() | GameOverDisplay()&#10;&#10;step=14, rand=4, actions=&lt;Step&gt;&#10;Want              | Got ✓            &#10;-------------------------------------&#10;GameOverDisplay() | GameOverDisplay()&#10;&#10;step=15, rand=4, actions=&lt;ReverseGame(true), Step&gt;&#10;Want  | Got ✓&#10;-------------&#10;OO&gt;OO | OO&gt;OO&#10;OO.OO | OO.OO&#10;...A. | ...A.&#10;..... | .....&#10;..... | .....&#10;&#10;step=16, rand=4, actions=&lt;Step&gt;&#10;Want  | Got ✓&#10;-------------&#10;O&gt;AOO | O&gt;AOO&#10;OO.OO | OO.OO&#10;..... | .....&#10;..... | .....&#10;..... | .....&#10;&#10;step=17, rand=4, actions=&lt;ReverseGame(false), Step&gt;&#10;Want  | Got ✓&#10;-------------&#10;OO&gt;OO | OO&gt;OO&#10;OO.OO | OO.OO&#10;...A. | ...A.&#10;..... | .....&#10;..... | .....&#10;&#10;step=18, rand=4, actions=&lt;ChangeDir(South()), Step&gt;&#10;Want  | Got ✓&#10;-------------&#10;OOOOO | OOOOO&#10;OOvOO | OOvOO&#10;...A. | ...A.&#10;..... | .....&#10;..... | .....&#10;&#10;step=19, rand=4, actions=&lt;Step&gt;&#10;Want  | Got ✓&#10;-------------&#10;OOOOO | OOOOO&#10;OOOOO | OOOOO&#10;..vA. | ..vA.&#10;..... | .....&#10;..... | .....&#10;&#10;step=20, rand=2, actions=&lt;ChangeDir(East()), Step&gt;&#10;Want  | Got ✓&#10;-------------&#10;OOOOO | OOOOO&#10;OOOOO | OOOOO&#10;..O&gt;A | ..O&gt;A&#10;..... | .....&#10;..... | .....&#10;&#10;step=21, rand=4, actions=&lt;Step&gt;&#10;Want  | Got ✓&#10;-------------&#10;OOOOO | OOOOO&#10;OOOOO | OOOOO&#10;..OO&gt; | ..OO&gt;&#10;..A.. | ..A..&#10;..... | .....&#10;&#10;step=22, rand=4, actions=&lt;Step&gt;&#10;Want  | Got ✓&#10;-------------&#10;OOOOO | OOOOO&#10;OOOOO | OOOOO&#10;&gt;.OOO | &gt;.OOO&#10;..A.. | ..A..&#10;..... | .....&#10;&#10;step=23, rand=4, actions=&lt;Step&gt;&#10;Want  | Got ✓&#10;-------------&#10;OOOOO | OOOOO&#10;OOOOO | OOOOO&#10;O&gt;OOO | O&gt;OOO&#10;..A.. | ..A..&#10;..... | .....&#10;&#10;step=24, rand=4, actions=&lt;ChangeDir(South()), ChangeDir(East()), Step&gt;&#10;Want              | Got ✗&#10;-------------------------&#10;GameOverDisplay() | OOOOO&#10;                  | OOOOO&#10;                  | OOOOO&#10;                  | .vA..&#10;                  | .....&#10;&#10;step=25, rand=4, actions=&lt;Step&gt;&#10;Want              | Got ✗&#10;-------------------------&#10;GameOverDisplay() | OOOOO&#10;                  | OOOOO&#10;                  | OOOOO&#10;                  | .OA..&#10;                  | .v...&#10;&#10;step=26, rand=4, actions=&lt;ReverseGame(true), Step&gt;&#10;Want  | Got ✗&#10;-------------&#10;OOOOO | OOOOO&#10;OOOOO | OOOOO&#10;O&gt;OOO | OOOOO&#10;..A.. | .vA..&#10;..... | .....&#10;&#10;step=27, rand=4, actions=&lt;Step&gt;&#10;Want  | Got ✗&#10;-------------&#10;OOOOO | OOOOO&#10;OOOOO | OOOOO&#10;&gt;.OOO | OvOOO&#10;..A.. | ..A..&#10;..... | .....&#10;&#10;step=28, rand=4, actions=&lt;ReverseGame(false), Step&gt;&#10;Want  | Got ✗&#10;-------------&#10;OOOOO | OOOOO&#10;OOOOO | OOOOO&#10;O&gt;OOO | OOOOO&#10;..A.. | .vA..&#10;..... | .....&#10;&#10;step=29, rand=4, actions=&lt;ChangeDir(South()), Step&gt;&#10;Want  | Got ✗&#10;-------------&#10;OOOOO | OOOOO&#10;OOOOO | OOOOO&#10;OOOOO | OOOOO&#10;.vA.. | .OA..&#10;..... | .v...&#10;&#10;step=30, rand=2, actions=&lt;ChangeDir(East()), Step&gt;&#10;Want  | Got ✗&#10;-------------&#10;OOOOO | OOOOO&#10;OOOOO | OOOOO&#10;OOOOO | OOOOO&#10;.O&gt;.A | .OA..&#10;..... | .O&gt;..&#10;&#10;step=31, rand=2, actions=&lt;Step&gt;&#10;Want  | Got ✗&#10;-------------&#10;OOOOO | OOOOO&#10;OOOOO | O.OOO&#10;OOOOO | OOOOO&#10;.OO&gt;A | .OA..&#10;..... | .OO&gt;.&#10;&#10;step=32, rand=4, actions=&lt;Step&gt;&#10;Want  | Got ✗&#10;-------------&#10;OOOOO | OOOOO&#10;OOOOO | ..OOO&#10;OOOOO | OOOOO&#10;.OOO&gt; | .OA..&#10;...A. | .OOO&gt;&#10;&#10;step=33, rand=4, actions=&lt;Step&gt;&#10;Want  | Got ✗&#10;-------------&#10;OOOOO | OOOOO&#10;OOOOO | ..OO.&#10;OOOOO | OOOOO&#10;&gt;OOOO | .OA..&#10;...A. | &gt;OOOO&#10;&#10;step=34, rand=4, actions=&lt;ChangeDir(South()), Step&gt;&#10;Want  | Got ✗            &#10;-------------------------&#10;OOOOO | GameOverDisplay()&#10;OOOOO |                  &#10;OOOOO |                  &#10;OOOOO |                  &#10;v..A. |                  &#10;&#10;step=35, rand=4, actions=&lt;ChangeDir(East()), Step&gt;&#10;Want  | Got ✗            &#10;-------------------------&#10;OOOOO | GameOverDisplay()&#10;OOOOO |                  &#10;OOOOO |                  &#10;OOOOO |                  &#10;O&gt;.A. |                  &#10;&#10;step=36, rand=4, actions=&lt;Step&gt;&#10;Want  | Got ✗            &#10;-------------------------&#10;OOOOO | GameOverDisplay()&#10;OOOOO |                  &#10;OOOOO |                  &#10;OOOOO |                  &#10;OO&gt;A. |                  &#10;&#10;step=37, rand=0, actions=&lt;Step&gt;&#10;Want  | Got ✗            &#10;-------------------------&#10;OOOOO | GameOverDisplay()&#10;OOOOO |                  &#10;OOOOO |                  &#10;OOOOO |                  &#10;OOO&gt;A |                  &#10;&#10;step=38, rand=0, actions=&lt;Step&gt;&#10;Want  | Got ✗            &#10;-------------------------&#10;OOOOO | GameOverDisplay()&#10;OOOOO |                  &#10;OOOOO |                  &#10;OOOOO |                  &#10;OOOO&gt; |                  &#10;&#10;step=39, rand=0, actions=&lt;Step&gt;&#10;Want              | Got ✓            &#10;-------------------------------------&#10;GameOverDisplay() | GameOverDisplay()&#10;&#10;step=40, rand=0, actions=&lt;Step&gt;&#10;Want              | Got ✓            &#10;-------------------------------------&#10;GameOverDisplay() | GameOverDisplay()&#10;&#10;step=41, rand=0, actions=&lt;Step&gt;&#10;Want              | Got ✓            &#10;-------------------------------------&#10;GameOverDisplay() | GameOverDisplay()&#10;&#10;step=42, rand=0, actions=&lt;ReverseGame(true), Step&gt;&#10;Want  | Got ✗&#10;-------------&#10;OOOOO | OOOOO&#10;OOOOO | ..OO.&#10;OOOOO | OOOOO&#10;OOOOO | .OA..&#10;OOOO&gt; | vOOOO&#10;&#10;step=43, rand=0, actions=&lt;Step&gt;&#10;Want  | Got ✗&#10;-------------&#10;OOOOO | OOOOO&#10;OOOOO | ..OOO&#10;OOOOO | OOOOO&#10;OOOOO | .OA..&#10;OOO&gt;A | .OOO&gt;&#10;&#10;step=44, rand=0, actions=&lt;Step&gt;&#10;Want  | Got ✗&#10;-------------&#10;OOOOO | OOOOO&#10;OOOOO | O.OOO&#10;OOOOO | OOOOO&#10;OOOOO | .OA..&#10;OO&gt;A. | .OO&gt;.&#10;&#10;step=45, rand=0, actions=&lt;Step&gt;&#10;Want  | Got ✗&#10;-------------&#10;OOOOO | OOOOO&#10;OOOOO | OOOOO&#10;OOOOO | OOOOO&#10;OOOOO | .OA..&#10;O&gt;.A. | .O&gt;..&#10;&#10;step=46, rand=0, actions=&lt;Step&gt;&#10;Want  | Got ✗&#10;-------------&#10;OOOOO | OOOOO&#10;OOOOO | OOOOO&#10;OOOOO | OOOOO&#10;OOOOO | .OA..&#10;v..A. | .&gt;...&#10;&#10;step=47, rand=0, actions=&lt;Step&gt;&#10;Want  | Got ✗&#10;-------------&#10;OOOOO | OOOOO&#10;OOOOO | OOOOO&#10;OOOOO | OOOOO&#10;&gt;OOOO | .vA..&#10;...A. | .....&#10;&#10;step=48, rand=0, actions=&lt;Step&gt;&#10;Want  | Got ✗&#10;-------------&#10;OOOOO | OOOOO&#10;OOOOO | OOOOO&#10;OOOOO | OvOOO&#10;.OOO&gt; | ..A..&#10;...A. | .....&#10;&#10;step=49, rand=0, actions=&lt;Step&gt;&#10;Want  | Got ✗&#10;-------------&#10;OOOOO | OOOOO&#10;OOOOO | OOOOO&#10;OOOOO | &gt;.OOO&#10;.OO&gt;A | ..A..&#10;..... | .....&#10;&#10;step=50, rand=0, actions=&lt;Step&gt;&#10;Want  | Got ✗&#10;-------------&#10;OOOOO | OOOOO&#10;OOOOO | OOOOO&#10;OOOOO | ..OO&gt;&#10;.O&gt;.A | ..A..&#10;..... | .....&#10;&#10;step=51, rand=0, actions=&lt;Step&gt;&#10;Want  | Got ✗&#10;-------------&#10;OOOOO | OOOOO&#10;OOOOO | OOOOO&#10;OOOOO | ..O&gt;A&#10;.vA.. | .....&#10;..... | .....&#10;&#10;step=52, rand=0, actions=&lt;Step&gt;&#10;Want  | Got ✗&#10;-------------&#10;OOOOO | OOOOO&#10;OOOOO | OOOOO&#10;O&gt;OOO | ..&gt;A.&#10;..A.. | .....&#10;..... | .....&#10;&#10;step=53, rand=0, actions=&lt;Step&gt;&#10;Want  | Got ✗&#10;-------------&#10;OOOOO | OOOOO&#10;OOOOO | OOvOO&#10;&gt;.OOO | ...A.&#10;..A.. | .....&#10;..... | .....&#10;&#10;step=54, rand=0, actions=&lt;Step&gt;&#10;Want  | Got ✗&#10;-------------&#10;OOOOO | OOvOO&#10;OOOOO | OO.OO&#10;..OO&gt; | ...A.&#10;..A.. | .....&#10;..... | .....&#10;&#10;step=55, rand=0, actions=&lt;Step&gt;&#10;Want  | Got ✗&#10;-------------&#10;OOOOO | O&gt;AOO&#10;OOOOO | OO.OO&#10;..O&gt;A | .....&#10;..... | .....&#10;..... | .....&#10;&#10;step=56, rand=0, actions=&lt;Step&gt;&#10;Want  | Got ✗&#10;-------------&#10;OOOOO | &gt;.AOO&#10;OOOOO | OO.OO&#10;..vA. | .....&#10;..... | .....&#10;..... | .....&#10;&#10;step=57, rand=0, actions=&lt;Step&gt;&#10;Want  | Got ✗&#10;-------------&#10;OOOOO | ..AO&gt;&#10;OOvOO | OO.OO&#10;...A. | .....&#10;..... | .....&#10;..... | .....&#10;&#10;step=58, rand=0, actions=&lt;Step&gt;&#10;Want  | Got ✗&#10;-------------&#10;OO&gt;OO | ...&gt;A&#10;OO.OO | OOOOO&#10;...A. | .....&#10;..... | .....&#10;..... | .....&#10;&#10;step=59, rand=0, actions=&lt;Step&gt;&#10;Want  | Got ✗&#10;-------------&#10;O&gt;AOO | ....A&#10;OO.OO | OOO^O&#10;..... | .....&#10;..... | .....&#10;..... | .....&#10;&#10;step=60, rand=0, actions=&lt;Step&gt;&#10;Want  | Got ✗&#10;-------------&#10;&gt;.AOO | ....A&#10;OO.OO | OOO.&lt;&#10;..... | .....&#10;..... | .....&#10;..... | .....&#10;&#10;step=61, rand=0, actions=&lt;Step&gt;&#10;Want  | Got ✗&#10;-------------&#10;..AO&gt; | ....A&#10;OO.OO | &lt;OO..&#10;..... | .....&#10;..... | .....&#10;..... | .....&#10;&#10;step=62, rand=0, actions=&lt;Step&gt;&#10;Want  | Got ✗&#10;-------------&#10;...^A | .....&#10;OOOOO | A&lt;OO.&#10;..... | .....&#10;..... | .....&#10;..... | .....&#10;&#10;step=63, rand=0, actions=&lt;Step&gt;&#10;Want  | Got ✗&#10;-------------&#10;....A | ...O.&#10;OOO&lt;O | A.&lt;O.&#10;..... | .....&#10;..... | .....&#10;..... | .....&#10;&#10;step=64, rand=0, actions=&lt;Step&gt;&#10;Want  | Got ✗&#10;-------------&#10;....A | ..OO.&#10;OOO.&lt; | A..&lt;.&#10;..... | .....&#10;..... | .....&#10;..... | .....&#10;&#10;step=65, rand=0, actions=&lt;Step&gt;&#10;Want  | Got ✗&#10;-------------&#10;....A | .OOv.&#10;&lt;OO.. | A....&#10;..... | .....&#10;..... | .....&#10;..... | .....&#10;&#10;step=66, rand=0, actions=&lt;Step&gt;&#10;Want  | Got ✗&#10;-------------&#10;..... | OO&gt;..&#10;A&lt;OO. | A....&#10;..... | .....&#10;..... | .....&#10;..... | .....&#10;&#10;step=67, rand=0, actions=&lt;Step&gt;&#10;Want  | Got ✗                                                                                                                                           &#10;--------------------------------------------------------------------------------------------------------------------------------------------------------&#10;...O. | LogicFailed(java.util.NoSuchElementException: head of empty list                                                                                &#10;A.&lt;O. | &#9;at scala.collection.immutable.Nil$.head(List.scala:592)                                                                                        &#10;..... | &#9;at scala.collection.immutable.Nil$.head(List.scala:591)                                                                                        &#10;..... | &#9;at snake.logic.SStack.top(SStack.scala:6)                                                                                                      &#10;..... | &#9;at snake.logic.GameLogic$GameStack.currentFrame(GameLogic.scala:44)                                                                            &#10;      | &#9;at snake.logic.GameLogic$GameStack.gameOver(GameLogic.scala:46)                                                                                &#10;      | &#9;at snake.logic.GameLogic.gameOver(GameLogic.scala:15)                                                                                          &#10;      | &#9;at snake.SnakeLogicWrapper.isGameOver(SnakeTestSuiteBase.scala:60)                                                                             &#10;      | &#9;at generic.GameTestSuite.getDisplay(GameTestSuite.scala:142)                                                                                   &#10;      | &#9;at generic.GameTestSuite.performActionsAndGetDisplay(GameTestSuite.scala:151)                                                                  &#10;      | &#9;at generic.GameTestSuite$TestRecording.$anonfun$implementationDisplays$2(GameTestSuite.scala:197)                                              &#10;      | &#9;at generic.GameTestSuite$TestRecording.catchLogicError$1(GameTestSuite.scala:182)                                                              &#10;      | &#9;at generic.GameTestSuite$TestRecording.liftedTree1$1(GameTestSuite.scala:197)                                                                  &#10;      | &#9;at generic.GameTestSuite$TestRecording.implementationDisplays$lzycompute(GameTestSuite.scala:187)                                              &#10;      | &#9;at generic.GameTestSuite$TestRecording.implementationDisplays(GameTestSuite.scala:178)                                                         &#10;      | &#9;at generic.GameTestSuite$TestRecording.passes$lzycompute(GameTestSuite.scala:208)                                                              &#10;      | &#9;at generic.GameTestSuite$TestRecording.passes(GameTestSuite.scala:207)                                                                         &#10;      | &#9;at generic.GameTestSuite.checkGame(GameTestSuite.scala:290)                                                                                    &#10;      | &#9;at snake.SnakeTestSuiteBase.checkGame(SnakeTestSuiteBase.scala:102)                                                                            &#10;      | &#9;at snake.reverse.ReverseTests.$anonfun$new$5(ReverseTests.scala:149)                                                                           &#10;      | &#9;at scala.runtime.java8.JFunction0$mcV$sp.apply(JFunction0$mcV$sp.scala:18)                                                                     &#10;      | &#9;at infrastructure.TestBase.$anonfun$test$1(TestBase.scala:36)                                                                                  &#10;      | &#9;at org.scalatest.OutcomeOf.outcomeOf(OutcomeOf.scala:85)                                                                                       &#10;      | &#9;at org.scalatest.OutcomeOf.outcomeOf$(OutcomeOf.scala:83)                                                                                      &#10;      | &#9;at org.scalatest.OutcomeOf$.outcomeOf(OutcomeOf.scala:104)                                                                                     &#10;      | &#9;at org.scalatest.Transformer.apply(Transformer.scala:22)                                                                                       &#10;      | &#9;at org.scalatest.Transformer.apply(Transformer.scala:20)                                                                                       &#10;      | &#9;at org.scalatest.FunSuiteLike$$anon$1.apply(FunSuiteLike.scala:186)                                                                            &#10;      | &#9;at org.scalatest.TestSuite.withFixture(TestSuite.scala:196)                                                                                    &#10;      | &#9;at org.scalatest.TestSuite.withFixture$(TestSuite.scala:195)                                                                                   &#10;      | &#9;at infrastructure.TestBase.org$scalatest$concurrent$TimeLimitedTests$$super$withFixture(TestBase.scala:9)                                      &#10;      | &#9;at org.scalatest.concurrent.TimeLimitedTests.$anonfun$withFixture$3(TimeLimitedTests.scala:154)                                                &#10;      | &#9;at org.scalatest.enablers.Timed$$anon$1.timeoutAfter(Timed.scala:127)                                                                          &#10;      | &#9;at org.scalatest.concurrent.TimeLimits.failAfterImpl(TimeLimits.scala:239)                                                                     &#10;      | &#9;at org.scalatest.concurrent.TimeLimits.failAfterImpl$(TimeLimits.scala:233)                                                                    &#10;      | &#9;at org.scalatest.concurrent.TimeLimits$.failAfterImpl(TimeLimits.scala:305)                                                                    &#10;      | &#9;at org.scalatest.concurrent.TimeLimitedTests.withFixture(TimeLimitedTests.scala:153)                                                           &#10;      | &#9;at org.scalatest.concurrent.TimeLimitedTests.withFixture$(TimeLimitedTests.scala:150)                                                          &#10;      | &#9;at infrastructure.TestBase.withFixture(TestBase.scala:9)                                                                                       &#10;      | &#9;at org.scalatest.FunSuiteLike.invokeWithFixture$1(FunSuiteLike.scala:184)                                                                      &#10;      | &#9;at org.scalatest.FunSuiteLike.$anonfun$runTest$1(FunSuiteLike.scala:196)                                                                       &#10;      | &#9;at org.scalatest.SuperEngine.runTestImpl(Engine.scala:286)                                                                                     &#10;      | &#9;at org.scalatest.FunSuiteLike.runTest(FunSuiteLike.scala:196)                                                                                  &#10;      | &#9;at org.scalatest.FunSuiteLike.runTest$(FunSuiteLike.scala:178)                                                                                 &#10;      | &#9;at org.scalatest.FunSuite.runTest(FunSuite.scala:1560)                                                                                         &#10;      | &#9;at org.scalatest.FunSuiteLike.$anonfun$runTests$1(FunSuiteLike.scala:229)                                                                      &#10;      | &#9;at org.scalatest.SuperEngine.$anonfun$runTestsInBranch$1(Engine.scala:393)                                                                     &#10;      | &#9;at scala.collection.immutable.List.foreach(List.scala:305)                                                                                     &#10;      | &#9;at org.scalatest.SuperEngine.traverseSubNodes$1(Engine.scala:381)                                                                              &#10;      | &#9;at org.scalatest.SuperEngine.runTestsInBranch(Engine.scala:376)                                                                                &#10;      | &#9;at org.scalatest.SuperEngine.runTestsImpl(Engine.scala:458)                                                                                    &#10;      | &#9;at org.scalatest.FunSuiteLike.runTests(FunSuiteLike.scala:229)                                                                                 &#10;      | &#9;at org.scalatest.FunSuiteLike.runTests$(FunSuiteLike.scala:228)                                                                                &#10;      | &#9;at org.scalatest.FunSuite.runTests(FunSuite.scala:1560)                                                                                        &#10;      | &#9;at org.scalatest.Suite.run(Suite.scala:1124)                                                                                                   &#10;      | &#9;at org.scalatest.Suite.run$(Suite.scala:1106)                                                                                                  &#10;      | &#9;at org.scalatest.FunSuite.org$scalatest$FunSuiteLike$$super$run(FunSuite.scala:1560)                                                           &#10;      | &#9;at org.scalatest.FunSuiteLike.$anonfun$run$1(FunSuiteLike.scala:233)                                                                           &#10;      | &#9;at org.scalatest.SuperEngine.runImpl(Engine.scala:518)                                                                                         &#10;      | &#9;at org.scalatest.FunSuiteLike.run(FunSuiteLike.scala:233)                                                                                      &#10;      | &#9;at org.scalatest.FunSuiteLike.run$(FunSuiteLike.scala:232)                                                                                     &#10;      | &#9;at infrastructure.TestBase.run(TestBase.scala:26)                                                                                              &#10;      | &#9;at org.scalatest.Suite.callExecuteOnSuite$1(Suite.scala:1187)                                                                                  &#10;      | &#9;at org.scalatest.Suite.$anonfun$runNestedSuites$1(Suite.scala:1234)                                                                            &#10;      | &#9;at scala.collection.ArrayOps$.foreach$extension(ArrayOps.scala:1323)                                                                           &#10;      | &#9;at org.scalatest.Suite.runNestedSuites(Suite.scala:1232)                                                                                       &#10;      | &#9;at org.scalatest.Suite.runNestedSuites$(Suite.scala:1166)                                                                                      &#10;      | &#9;at org.scalatest.Suites.runNestedSuites(Suites.scala:56)                                                                                       &#10;      | &#9;at org.scalatest.Suite.run(Suite.scala:1121)                                                                                                   &#10;      | &#9;at org.scalatest.Suite.run$(Suite.scala:1106)                                                                                                  &#10;      | &#9;at snake.SnakeTestSuite.runDirect(SnakeTestSuite.scala:24)                                                                                     &#10;      | &#9;at snake.SnakeTestSuite.run(SnakeTestSuite.scala:16)                                                                                           &#10;      | &#9;at org.scalatestplus.junit.JUnitRunner.run(JUnitRunner.scala:99)                                                                               &#10;      | &#9;at org.gradle.api.internal.tasks.testing.junit.JUnitTestClassExecutor.runTestClass(JUnitTestClassExecutor.java:110)                            &#10;      | &#9;at org.gradle.api.internal.tasks.testing.junit.JUnitTestClassExecutor.execute(JUnitTestClassExecutor.java:58)                                  &#10;      | &#9;at org.gradle.api.internal.tasks.testing.junit.JUnitTestClassExecutor.execute(JUnitTestClassExecutor.java:38)                                  &#10;      | &#9;at org.gradle.api.internal.tasks.testing.junit.AbstractJUnitTestClassProcessor.processTestClass(AbstractJUnitTestClassProcessor.java:62)       &#10;      | &#9;at org.gradle.api.internal.tasks.testing.SuiteTestClassProcessor.processTestClass(SuiteTestClassProcessor.java:51)                             &#10;      | &#9;at sun.reflect.NativeMethodAccessorImpl.invoke0(Native Method)                                                                                 &#10;      | &#9;at sun.reflect.NativeMethodAccessorImpl.invoke(NativeMethodAccessorImpl.java:62)                                                               &#10;      | &#9;at sun.reflect.DelegatingMethodAccessorImpl.invoke(DelegatingMethodAccessorImpl.java:43)                                                       &#10;      | &#9;at java.lang.reflect.Method.invoke(Method.java:498)                                                                                            &#10;      | &#9;at org.gradle.internal.dispatch.ReflectionDispatch.dispatch(ReflectionDispatch.java:35)                                                        &#10;      | &#9;at org.gradle.internal.dispatch.ReflectionDispatch.dispatch(ReflectionDispatch.java:24)                                                        &#10;      | &#9;at org.gradle.internal.dispatch.ContextClassLoaderDispatch.dispatch(ContextClassLoaderDispatch.java:32)                                        &#10;      | &#9;at org.gradle.internal.dispatch.ProxyDispatchAdapter$DispatchingInvocationHandler.invoke(ProxyDispatchAdapter.java:93)                         &#10;      | &#9;at com.sun.proxy.$Proxy2.processTestClass(Unknown Source)                                                                                      &#10;      | &#9;at org.gradle.api.internal.tasks.testing.worker.TestWorker.processTestClass(TestWorker.java:118)                                               &#10;      | &#9;at sun.reflect.NativeMethodAccessorImpl.invoke0(Native Method)                                                                                 &#10;      | &#9;at sun.reflect.NativeMethodAccessorImpl.invoke(NativeMethodAccessorImpl.java:62)                                                               &#10;      | &#9;at sun.reflect.DelegatingMethodAccessorImpl.invoke(DelegatingMethodAccessorImpl.java:43)                                                       &#10;      | &#9;at java.lang.reflect.Method.invoke(Method.java:498)                                                                                            &#10;      | &#9;at org.gradle.internal.dispatch.ReflectionDispatch.dispatch(ReflectionDispatch.java:35)                                                        &#10;      | &#9;at org.gradle.internal.dispatch.ReflectionDispatch.dispatch(ReflectionDispatch.java:24)                                                        &#10;      | &#9;at org.gradle.internal.remote.internal.hub.MessageHubBackedObjectConnection$DispatchWrapper.dispatch(MessageHubBackedObjectConnection.java:175)&#10;      | &#9;at org.gradle.internal.remote.internal.hub.MessageHubBackedObjectConnection$DispatchWrapper.dispatch(MessageHubBackedObjectConnection.java:157)&#10;      | &#9;at org.gradle.internal.remote.internal.hub.MessageHub$Handler.run(MessageHub.java:404)                                                         &#10;      | &#9;at org.gradle.internal.concurrent.ExecutorPolicy$CatchAndRecordFailures.onExecute(ExecutorPolicy.java:63)                                      &#10;      | &#9;at org.gradle.internal.concurrent.ManagedExecutorImpl$1.run(ManagedExecutorImpl.java:46)                                                       &#10;      | &#9;at java.util.concurrent.ThreadPoolExecutor.runWorker(ThreadPoolExecutor.java:1149)                                                             &#10;      | &#9;at java.util.concurrent.ThreadPoolExecutor$Worker.run(ThreadPoolExecutor.java:624)                                                             &#10;      | &#9;at org.gradle.internal.concurrent.ThreadFactoryImpl$ManagedThreadRunnable.run(ThreadFactoryImpl.java:55)                                       &#10;      | &#9;at java.lang.Thread.run(Thread.java:748)                                                                                                       &#10;      | )                                                                                                                                               &#10;&#10;" type="org.scalatest.exceptions.TestFailedException">org.scalatest.exceptions.TestFailedException: didPass was false
--------------------------------------------------------------------------------
This is what went wrong:

step=0, rand=2, actions=&lt;&gt;
Want  | Got ✓
-------------
OO&gt;.. | OO&gt;..
A.... | A....
..... | .....
..... | .....
..... | .....

step=1, rand=2, actions=&lt;Step&gt;
Want  | Got ✓
-------------
.OO&gt;. | .OO&gt;.
A.... | A....
..... | .....
..... | .....
..... | .....

step=2, rand=2, actions=&lt;ChangeDir(South()), ChangeDir(West()), Step&gt;
Want  | Got ✓
-------------
..OO. | ..OO.
A..v. | A..v.
..... | .....
..... | .....
..... | .....

step=3, rand=2, actions=&lt;ChangeDir(West()), Step&gt;
Want  | Got ✓
-------------
...O. | ...O.
A.&lt;O. | A.&lt;O.
..... | .....
..... | .....
..... | .....

step=4, rand=2, actions=&lt;Step&gt;
Want  | Got ✓
-------------
..... | .....
A&lt;OO. | A&lt;OO.
..... | .....
..... | .....
..... | .....

step=5, rand=4, actions=&lt;Step&gt;
Want  | Got ✓
-------------
....A | ....A
&lt;OO.. | &lt;OO..
..... | .....
..... | .....
..... | .....

step=6, rand=4, actions=&lt;Step&gt;
Want  | Got ✓
-------------
....A | ....A
OOO.&lt; | OOO.&lt;
..... | .....
..... | .....
..... | .....

step=7, rand=4, actions=&lt;Step&gt;
Want  | Got ✓
-------------
....A | ....A
OOO&lt;O | OOO&lt;O
..... | .....
..... | .....
..... | .....

step=8, rand=4, actions=&lt;ChangeDir(North()), Step&gt;
Want  | Got ✓
-------------
...^A | ...^A
OOOOO | OOOOO
..... | .....
..... | .....
..... | .....

step=9, rand=2, actions=&lt;ChangeDir(East()), Step&gt;
Want  | Got ✓
-------------
..AO&gt; | ..AO&gt;
OO.OO | OO.OO
..... | .....
..... | .....
..... | .....

step=10, rand=2, actions=&lt;Step&gt;
Want  | Got ✓
-------------
&gt;.AOO | &gt;.AOO
OO.OO | OO.OO
..... | .....
..... | .....
..... | .....

step=11, rand=2, actions=&lt;Step&gt;
Want  | Got ✓
-------------
O&gt;AOO | O&gt;AOO
OO.OO | OO.OO
..... | .....
..... | .....
..... | .....

step=12, rand=4, actions=&lt;Step&gt;
Want  | Got ✓
-------------
OO&gt;OO | OO&gt;OO
OO.OO | OO.OO
...A. | ...A.
..... | .....
..... | .....

step=13, rand=4, actions=&lt;Step&gt;
Want              | Got ✓            
-------------------------------------
GameOverDisplay() | GameOverDisplay()

step=14, rand=4, actions=&lt;Step&gt;
Want              | Got ✓            
-------------------------------------
GameOverDisplay() | GameOverDisplay()

step=15, rand=4, actions=&lt;ReverseGame(true), Step&gt;
Want  | Got ✓
-------------
OO&gt;OO | OO&gt;OO
OO.OO | OO.OO
...A. | ...A.
..... | .....
..... | .....

step=16, rand=4, actions=&lt;Step&gt;
Want  | Got ✓
-------------
O&gt;AOO | O&gt;AOO
OO.OO | OO.OO
..... | .....
..... | .....
..... | .....

step=17, rand=4, actions=&lt;ReverseGame(false), Step&gt;
Want  | Got ✓
-------------
OO&gt;OO | OO&gt;OO
OO.OO | OO.OO
...A. | ...A.
..... | .....
..... | .....

step=18, rand=4, actions=&lt;ChangeDir(South()), Step&gt;
Want  | Got ✓
-------------
OOOOO | OOOOO
OOvOO | OOvOO
...A. | ...A.
..... | .....
..... | .....

step=19, rand=4, actions=&lt;Step&gt;
Want  | Got ✓
-------------
OOOOO | OOOOO
OOOOO | OOOOO
..vA. | ..vA.
..... | .....
..... | .....

step=20, rand=2, actions=&lt;ChangeDir(East()), Step&gt;
Want  | Got ✓
-------------
OOOOO | OOOOO
OOOOO | OOOOO
..O&gt;A | ..O&gt;A
..... | .....
..... | .....

step=21, rand=4, actions=&lt;Step&gt;
Want  | Got ✓
-------------
OOOOO | OOOOO
OOOOO | OOOOO
..OO&gt; | ..OO&gt;
..A.. | ..A..
..... | .....

step=22, rand=4, actions=&lt;Step&gt;
Want  | Got ✓
-------------
OOOOO | OOOOO
OOOOO | OOOOO
&gt;.OOO | &gt;.OOO
..A.. | ..A..
..... | .....

step=23, rand=4, actions=&lt;Step&gt;
Want  | Got ✓
-------------
OOOOO | OOOOO
OOOOO | OOOOO
O&gt;OOO | O&gt;OOO
..A.. | ..A..
..... | .....

step=24, rand=4, actions=&lt;ChangeDir(South()), ChangeDir(East()), Step&gt;
Want              | Got ✗
-------------------------
GameOverDisplay() | OOOOO
                  | OOOOO
                  | OOOOO
                  | .vA..
                  | .....

step=25, rand=4, actions=&lt;Step&gt;
Want              | Got ✗
-------------------------
GameOverDisplay() | OOOOO
                  | OOOOO
                  | OOOOO
                  | .OA..
                  | .v...

step=26, rand=4, actions=&lt;ReverseGame(true), Step&gt;
Want  | Got ✗
-------------
OOOOO | OOOOO
OOOOO | OOOOO
O&gt;OOO | OOOOO
..A.. | .vA..
..... | .....

step=27, rand=4, actions=&lt;Step&gt;
Want  | Got ✗
-------------
OOOOO | OOOOO
OOOOO | OOOOO
&gt;.OOO | OvOOO
..A.. | ..A..
..... | .....

step=28, rand=4, actions=&lt;ReverseGame(false), Step&gt;
Want  | Got ✗
-------------
OOOOO | OOOOO
OOOOO | OOOOO
O&gt;OOO | OOOOO
..A.. | .vA..
..... | .....

step=29, rand=4, actions=&lt;ChangeDir(South()), Step&gt;
Want  | Got ✗
-------------
OOOOO | OOOOO
OOOOO | OOOOO
OOOOO | OOOOO
.vA.. | .OA..
..... | .v...

step=30, rand=2, actions=&lt;ChangeDir(East()), Step&gt;
Want  | Got ✗
-------------
OOOOO | OOOOO
OOOOO | OOOOO
OOOOO | OOOOO
.O&gt;.A | .OA..
..... | .O&gt;..

step=31, rand=2, actions=&lt;Step&gt;
Want  | Got ✗
-------------
OOOOO | OOOOO
OOOOO | O.OOO
OOOOO | OOOOO
.OO&gt;A | .OA..
..... | .OO&gt;.

step=32, rand=4, actions=&lt;Step&gt;
Want  | Got ✗
-------------
OOOOO | OOOOO
OOOOO | ..OOO
OOOOO | OOOOO
.OOO&gt; | .OA..
...A. | .OOO&gt;

step=33, rand=4, actions=&lt;Step&gt;
Want  | Got ✗
-------------
OOOOO | OOOOO
OOOOO | ..OO.
OOOOO | OOOOO
&gt;OOOO | .OA..
...A. | &gt;OOOO

step=34, rand=4, actions=&lt;ChangeDir(South()), Step&gt;
Want  | Got ✗            
-------------------------
OOOOO | GameOverDisplay()
OOOOO |                  
OOOOO |                  
OOOOO |                  
v..A. |                  

step=35, rand=4, actions=&lt;ChangeDir(East()), Step&gt;
Want  | Got ✗            
-------------------------
OOOOO | GameOverDisplay()
OOOOO |                  
OOOOO |                  
OOOOO |                  
O&gt;.A. |                  

step=36, rand=4, actions=&lt;Step&gt;
Want  | Got ✗            
-------------------------
OOOOO | GameOverDisplay()
OOOOO |                  
OOOOO |                  
OOOOO |                  
OO&gt;A. |                  

step=37, rand=0, actions=&lt;Step&gt;
Want  | Got ✗            
-------------------------
OOOOO | GameOverDisplay()
OOOOO |                  
OOOOO |                  
OOOOO |                  
OOO&gt;A |                  

step=38, rand=0, actions=&lt;Step&gt;
Want  | Got ✗            
-------------------------
OOOOO | GameOverDisplay()
OOOOO |                  
OOOOO |                  
OOOOO |                  
OOOO&gt; |                  

step=39, rand=0, actions=&lt;Step&gt;
Want              | Got ✓            
-------------------------------------
GameOverDisplay() | GameOverDisplay()

step=40, rand=0, actions=&lt;Step&gt;
Want              | Got ✓            
-------------------------------------
GameOverDisplay() | GameOverDisplay()

step=41, rand=0, actions=&lt;Step&gt;
Want              | Got ✓            
-------------------------------------
GameOverDisplay() | GameOverDisplay()

step=42, rand=0, actions=&lt;ReverseGame(true), Step&gt;
Want  | Got ✗
-------------
OOOOO | OOOOO
OOOOO | ..OO.
OOOOO | OOOOO
OOOOO | .OA..
OOOO&gt; | vOOOO

step=43, rand=0, actions=&lt;Step&gt;
Want  | Got ✗
-------------
OOOOO | OOOOO
OOOOO | ..OOO
OOOOO | OOOOO
OOOOO | .OA..
OOO&gt;A | .OOO&gt;

step=44, rand=0, actions=&lt;Step&gt;
Want  | Got ✗
-------------
OOOOO | OOOOO
OOOOO | O.OOO
OOOOO | OOOOO
OOOOO | .OA..
OO&gt;A. | .OO&gt;.

step=45, rand=0, actions=&lt;Step&gt;
Want  | Got ✗
-------------
OOOOO | OOOOO
OOOOO | OOOOO
OOOOO | OOOOO
OOOOO | .OA..
O&gt;.A. | .O&gt;..

step=46, rand=0, actions=&lt;Step&gt;
Want  | Got ✗
-------------
OOOOO | OOOOO
OOOOO | OOOOO
OOOOO | OOOOO
OOOOO | .OA..
v..A. | .&gt;...

step=47, rand=0, actions=&lt;Step&gt;
Want  | Got ✗
-------------
OOOOO | OOOOO
OOOOO | OOOOO
OOOOO | OOOOO
&gt;OOOO | .vA..
...A. | .....

step=48, rand=0, actions=&lt;Step&gt;
Want  | Got ✗
-------------
OOOOO | OOOOO
OOOOO | OOOOO
OOOOO | OvOOO
.OOO&gt; | ..A..
...A. | .....

step=49, rand=0, actions=&lt;Step&gt;
Want  | Got ✗
-------------
OOOOO | OOOOO
OOOOO | OOOOO
OOOOO | &gt;.OOO
.OO&gt;A | ..A..
..... | .....

step=50, rand=0, actions=&lt;Step&gt;
Want  | Got ✗
-------------
OOOOO | OOOOO
OOOOO | OOOOO
OOOOO | ..OO&gt;
.O&gt;.A | ..A..
..... | .....

step=51, rand=0, actions=&lt;Step&gt;
Want  | Got ✗
-------------
OOOOO | OOOOO
OOOOO | OOOOO
OOOOO | ..O&gt;A
.vA.. | .....
..... | .....

step=52, rand=0, actions=&lt;Step&gt;
Want  | Got ✗
-------------
OOOOO | OOOOO
OOOOO | OOOOO
O&gt;OOO | ..&gt;A.
..A.. | .....
..... | .....

step=53, rand=0, actions=&lt;Step&gt;
Want  | Got ✗
-------------
OOOOO | OOOOO
OOOOO | OOvOO
&gt;.OOO | ...A.
..A.. | .....
..... | .....

step=54, rand=0, actions=&lt;Step&gt;
Want  | Got ✗
-------------
OOOOO | OOvOO
OOOOO | OO.OO
..OO&gt; | ...A.
..A.. | .....
..... | .....

step=55, rand=0, actions=&lt;Step&gt;
Want  | Got ✗
-------------
OOOOO | O&gt;AOO
OOOOO | OO.OO
..O&gt;A | .....
..... | .....
..... | .....

step=56, rand=0, actions=&lt;Step&gt;
Want  | Got ✗
-------------
OOOOO | &gt;.AOO
OOOOO | OO.OO
..vA. | .....
..... | .....
..... | .....

step=57, rand=0, actions=&lt;Step&gt;
Want  | Got ✗
-------------
OOOOO | ..AO&gt;
OOvOO | OO.OO
...A. | .....
..... | .....
..... | .....

step=58, rand=0, actions=&lt;Step&gt;
Want  | Got ✗
-------------
OO&gt;OO | ...&gt;A
OO.OO | OOOOO
...A. | .....
..... | .....
..... | .....

step=59, rand=0, actions=&lt;Step&gt;
Want  | Got ✗
-------------
O&gt;AOO | ....A
OO.OO | OOO^O
..... | .....
..... | .....
..... | .....

step=60, rand=0, actions=&lt;Step&gt;
Want  | Got ✗
-------------
&gt;.AOO | ....A
OO.OO | OOO.&lt;
..... | .....
..... | .....
..... | .....

step=61, rand=0, actions=&lt;Step&gt;
Want  | Got ✗
-------------
..AO&gt; | ....A
OO.OO | &lt;OO..
..... | .....
..... | .....
..... | .....

step=62, rand=0, actions=&lt;Step&gt;
Want  | Got ✗
-------------
...^A | .....
OOOOO | A&lt;OO.
..... | .....
..... | .....
..... | .....

step=63, rand=0, actions=&lt;Step&gt;
Want  | Got ✗
-------------
....A | ...O.
OOO&lt;O | A.&lt;O.
..... | .....
..... | .....
..... | .....

step=64, rand=0, actions=&lt;Step&gt;
Want  | Got ✗
-------------
....A | ..OO.
OOO.&lt; | A..&lt;.
..... | .....
..... | .....
..... | .....

step=65, rand=0, actions=&lt;Step&gt;
Want  | Got ✗
-------------
....A | .OOv.
&lt;OO.. | A....
..... | .....
..... | .....
..... | .....

step=66, rand=0, actions=&lt;Step&gt;
Want  | Got ✗
-------------
..... | OO&gt;..
A&lt;OO. | A....
..... | .....
..... | .....
..... | .....

step=67, rand=0, actions=&lt;Step&gt;
Want  | Got ✗                                                                                                                                           
--------------------------------------------------------------------------------------------------------------------------------------------------------
...O. | LogicFailed(java.util.NoSuchElementException: head of empty list                                                                                
A.&lt;O. | 	at scala.collection.immutable.Nil$.head(List.scala:592)                                                                                        
..... | 	at scala.collection.immutable.Nil$.head(List.scala:591)                                                                                        
..... | 	at snake.logic.SStack.top(SStack.scala:6)                                                                                                      
..... | 	at snake.logic.GameLogic$GameStack.currentFrame(GameLogic.scala:44)                                                                            
      | 	at snake.logic.GameLogic$GameStack.gameOver(GameLogic.scala:46)                                                                                
      | 	at snake.logic.GameLogic.gameOver(GameLogic.scala:15)                                                                                          
      | 	at snake.SnakeLogicWrapper.isGameOver(SnakeTestSuiteBase.scala:60)                                                                             
      | 	at generic.GameTestSuite.getDisplay(GameTestSuite.scala:142)                                                                                   
      | 	at generic.GameTestSuite.performActionsAndGetDisplay(GameTestSuite.scala:151)                                                                  
      | 	at generic.GameTestSuite$TestRecording.$anonfun$implementationDisplays$2(GameTestSuite.scala:197)                                              
      | 	at generic.GameTestSuite$TestRecording.catchLogicError$1(GameTestSuite.scala:182)                                                              
      | 	at generic.GameTestSuite$TestRecording.liftedTree1$1(GameTestSuite.scala:197)                                                                  
      | 	at generic.GameTestSuite$TestRecording.implementationDisplays$lzycompute(GameTestSuite.scala:187)                                              
      | 	at generic.GameTestSuite$TestRecording.implementationDisplays(GameTestSuite.scala:178)                                                         
      | 	at generic.GameTestSuite$TestRecording.passes$lzycompute(GameTestSuite.scala:208)                                                              
      | 	at generic.GameTestSuite$TestRecording.passes(GameTestSuite.scala:207)                                                                         
      | 	at generic.GameTestSuite.checkGame(GameTestSuite.scala:290)                                                                                    
      | 	at snake.SnakeTestSuiteBase.checkGame(SnakeTestSuiteBase.scala:102)                                                                            
      | 	at snake.reverse.ReverseTests.$anonfun$new$5(ReverseTests.scala:149)                                                                           
      | 	at scala.runtime.java8.JFunction0$mcV$sp.apply(JFunction0$mcV$sp.scala:18)                                                                     
      | 	at infrastructure.TestBase.$anonfun$test$1(TestBase.scala:36)                                                                                  
      | 	at org.scalatest.OutcomeOf.outcomeOf(OutcomeOf.scala:85)                                                                                       
      | 	at org.scalatest.OutcomeOf.outcomeOf$(OutcomeOf.scala:83)                                                                                      
      | 	at org.scalatest.OutcomeOf$.outcomeOf(OutcomeOf.scala:104)                                                                                     
      | 	at org.scalatest.Transformer.apply(Transformer.scala:22)                                                                                       
      | 	at org.scalatest.Transformer.apply(Transformer.scala:20)                                                                                       
      | 	at org.scalatest.FunSuiteLike$$anon$1.apply(FunSuiteLike.scala:186)                                                                            
      | 	at org.scalatest.TestSuite.withFixture(TestSuite.scala:196)                                                                                    
      | 	at org.scalatest.TestSuite.withFixture$(TestSuite.scala:195)                                                                                   
      | 	at infrastructure.TestBase.org$scalatest$concurrent$TimeLimitedTests$$super$withFixture(TestBase.scala:9)                                      
      | 	at org.scalatest.concurrent.TimeLimitedTests.$anonfun$withFixture$3(TimeLimitedTests.scala:154)                                                
      | 	at org.scalatest.enablers.Timed$$anon$1.timeoutAfter(Timed.scala:127)                                                                          
      | 	at org.scalatest.concurrent.TimeLimits.failAfterImpl(TimeLimits.scala:239)                                                                     
      | 	at org.scalatest.concurrent.TimeLimits.failAfterImpl$(TimeLimits.scala:233)                                                                    
      | 	at org.scalatest.concurrent.TimeLimits$.failAfterImpl(TimeLimits.scala:305)                                                                    
      | 	at org.scalatest.concurrent.TimeLimitedTests.withFixture(TimeLimitedTests.scala:153)                                                           
      | 	at org.scalatest.concurrent.TimeLimitedTests.withFixture$(TimeLimitedTests.scala:150)                                                          
      | 	at infrastructure.TestBase.withFixture(TestBase.scala:9)                                                                                       
      | 	at org.scalatest.FunSuiteLike.invokeWithFixture$1(FunSuiteLike.scala:184)                                                                      
      | 	at org.scalatest.FunSuiteLike.$anonfun$runTest$1(FunSuiteLike.scala:196)                                                                       
      | 	at org.scalatest.SuperEngine.runTestImpl(Engine.scala:286)                                                                                     
      | 	at org.scalatest.FunSuiteLike.runTest(FunSuiteLike.scala:196)                                                                                  
      | 	at org.scalatest.FunSuiteLike.runTest$(FunSuiteLike.scala:178)                                                                                 
      | 	at org.scalatest.FunSuite.runTest(FunSuite.scala:1560)                                                                                         
      | 	at org.scalatest.FunSuiteLike.$anonfun$runTests$1(FunSuiteLike.scala:229)                                                                      
      | 	at org.scalatest.SuperEngine.$anonfun$runTestsInBranch$1(Engine.scala:393)                                                                     
      | 	at scala.collection.immutable.List.foreach(List.scala:305)                                                                                     
      | 	at org.scalatest.SuperEngine.traverseSubNodes$1(Engine.scala:381)                                                                              
      | 	at org.scalatest.SuperEngine.runTestsInBranch(Engine.scala:376)                                                                                
      | 	at org.scalatest.SuperEngine.runTestsImpl(Engine.scala:458)                                                                                    
      | 	at org.scalatest.FunSuiteLike.runTests(FunSuiteLike.scala:229)                                                                                 
      | 	at org.scalatest.FunSuiteLike.runTests$(FunSuiteLike.scala:228)                                                                                
      | 	at org.scalatest.FunSuite.runTests(FunSuite.scala:1560)                                                                                        
      | 	at org.scalatest.Suite.run(Suite.scala:1124)                                                                                                   
      | 	at org.scalatest.Suite.run$(Suite.scala:1106)                                                                                                  
      | 	at org.scalatest.FunSuite.org$scalatest$FunSuiteLike$$super$run(FunSuite.scala:1560)                                                           
      | 	at org.scalatest.FunSuiteLike.$anonfun$run$1(FunSuiteLike.scala:233)                                                                           
      | 	at org.scalatest.SuperEngine.runImpl(Engine.scala:518)                                                                                         
      | 	at org.scalatest.FunSuiteLike.run(FunSuiteLike.scala:233)                                                                                      
      | 	at org.scalatest.FunSuiteLike.run$(FunSuiteLike.scala:232)                                                                                     
      | 	at infrastructure.TestBase.run(TestBase.scala:26)                                                                                              
      | 	at org.scalatest.Suite.callExecuteOnSuite$1(Suite.scala:1187)                                                                                  
      | 	at org.scalatest.Suite.$anonfun$runNestedSuites$1(Suite.scala:1234)                                                                            
      | 	at scala.collection.ArrayOps$.foreach$extension(ArrayOps.scala:1323)                                                                           
      | 	at org.scalatest.Suite.runNestedSuites(Suite.scala:1232)                                                                                       
      | 	at org.scalatest.Suite.runNestedSuites$(Suite.scala:1166)                                                                                      
      | 	at org.scalatest.Suites.runNestedSuites(Suites.scala:56)                                                                                       
      | 	at org.scalatest.Suite.run(Suite.scala:1121)                                                                                                   
      | 	at org.scalatest.Suite.run$(Suite.scala:1106)                                                                                                  
      | 	at snake.SnakeTestSuite.runDirect(SnakeTestSuite.scala:24)                                                                                     
      | 	at snake.SnakeTestSuite.run(SnakeTestSuite.scala:16)                                                                                           
      | 	at org.scalatestplus.junit.JUnitRunner.run(JUnitRunner.scala:99)                                                                               
      | 	at org.gradle.api.internal.tasks.testing.junit.JUnitTestClassExecutor.runTestClass(JUnitTestClassExecutor.java:110)                            
      | 	at org.gradle.api.internal.tasks.testing.junit.JUnitTestClassExecutor.execute(JUnitTestClassExecutor.java:58)                                  
      | 	at org.gradle.api.internal.tasks.testing.junit.JUnitTestClassExecutor.execute(JUnitTestClassExecutor.java:38)                                  
      | 	at org.gradle.api.internal.tasks.testing.junit.AbstractJUnitTestClassProcessor.processTestClass(AbstractJUnitTestClassProcessor.java:62)       
      | 	at org.gradle.api.internal.tasks.testing.SuiteTestClassProcessor.processTestClass(SuiteTestClassProcessor.java:51)                             
      | 	at sun.reflect.NativeMethodAccessorImpl.invoke0(Native Method)                                                                                 
      | 	at sun.reflect.NativeMethodAccessorImpl.invoke(NativeMethodAccessorImpl.java:62)                                                               
      | 	at sun.reflect.DelegatingMethodAccessorImpl.invoke(DelegatingMethodAccessorImpl.java:43)                                                       
      | 	at java.lang.reflect.Method.invoke(Method.java:498)                                                                                            
      | 	at org.gradle.internal.dispatch.ReflectionDispatch.dispatch(ReflectionDispatch.java:35)                                                        
      | 	at org.gradle.internal.dispatch.ReflectionDispatch.dispatch(ReflectionDispatch.java:24)                                                        
      | 	at org.gradle.internal.dispatch.ContextClassLoaderDispatch.dispatch(ContextClassLoaderDispatch.java:32)                                        
      | 	at org.gradle.internal.dispatch.ProxyDispatchAdapter$DispatchingInvocationHandler.invoke(ProxyDispatchAdapter.java:93)                         
      | 	at com.sun.proxy.$Proxy2.processTestClass(Unknown Source)                                                                                      
      | 	at org.gradle.api.internal.tasks.testing.worker.TestWorker.processTestClass(TestWorker.java:118)                                               
      | 	at sun.reflect.NativeMethodAccessorImpl.invoke0(Native Method)                                                                                 
      | 	at sun.reflect.NativeMethodAccessorImpl.invoke(NativeMethodAccessorImpl.java:62)                                                               
      | 	at sun.reflect.DelegatingMethodAccessorImpl.invoke(DelegatingMethodAccessorImpl.java:43)                                                       
      | 	at java.lang.reflect.Method.invoke(Method.java:498)                                                                                            
      | 	at org.gradle.internal.dispatch.ReflectionDispatch.dispatch(ReflectionDispatch.java:35)                                                        
      | 	at org.gradle.internal.dispatch.ReflectionDispatch.dispatch(ReflectionDispatch.java:24)                                                        
      | 	at org.gradle.internal.remote.internal.hub.MessageHubBackedObjectConnection$DispatchWrapper.dispatch(MessageHubBackedObjectConnection.java:175)
      | 	at org.gradle.internal.remote.internal.hub.MessageHubBackedObjectConnection$DispatchWrapper.dispatch(MessageHubBackedObjectConnection.java:157)
      | 	at org.gradle.internal.remote.internal.hub.MessageHub$Handler.run(MessageHub.java:404)                                                         
      | 	at org.gradle.internal.concurrent.ExecutorPolicy$CatchAndRecordFailures.onExecute(ExecutorPolicy.java:63)                                      
      | 	at org.gradle.internal.concurrent.ManagedExecutorImpl$1.run(ManagedExecutorImpl.java:46)                                                       
      | 	at java.util.concurrent.ThreadPoolExecutor.runWorker(ThreadPoolExecutor.java:1149)                                                             
      | 	at java.util.concurrent.ThreadPoolExecutor$Worker.run(ThreadPoolExecutor.java:624)                                                             
      | 	at org.gradle.internal.concurrent.ThreadFactoryImpl$ManagedThreadRunnable.run(ThreadFactoryImpl.java:55)                                       
      | 	at java.lang.Thread.run(Thread.java:748)                                                                                                       
      | )                                                                                                                                               


	at org.scalatest.Assertions.newAssertionFailedException(Assertions.scala:530)
	at org.scalatest.Assertions.newAssertionFailedException$(Assertions.scala:529)
	at org.scalatest.FunSuite.newAssertionFailedException(FunSuite.scala:1560)
	at org.scalatest.Assertions$AssertionsHelper.macroAssert(Assertions.scala:503)
	at generic.GameTestSuite.checkGame(GameTestSuite.scala:298)
	at snake.SnakeTestSuiteBase.checkGame(SnakeTestSuiteBase.scala:102)
	at snake.reverse.ReverseTests.$anonfun$new$5(ReverseTests.scala:149)
	at scala.runtime.java8.JFunction0$mcV$sp.apply(JFunction0$mcV$sp.scala:18)
	at infrastructure.TestBase.$anonfun$test$1(TestBase.scala:36)
	at org.scalatest.OutcomeOf.outcomeOf(OutcomeOf.scala:85)
	at org.scalatest.OutcomeOf.outcomeOf$(OutcomeOf.scala:83)
	at org.scalatest.OutcomeOf$.outcomeOf(OutcomeOf.scala:104)
	at org.scalatest.Transformer.apply(Transformer.scala:22)
	at org.scalatest.Transformer.apply(Transformer.scala:20)
	at org.scalatest.FunSuiteLike$$anon$1.apply(FunSuiteLike.scala:186)
	at org.scalatest.TestSuite.withFixture(TestSuite.scala:196)
	at org.scalatest.TestSuite.withFixture$(TestSuite.scala:195)
	at infrastructure.TestBase.org$scalatest$concurrent$TimeLimitedTests$$super$withFixture(TestBase.scala:9)
	at org.scalatest.concurrent.TimeLimitedTests.$anonfun$withFixture$3(TimeLimitedTests.scala:154)
	at org.scalatest.enablers.Timed$$anon$1.timeoutAfter(Timed.scala:127)
	at org.scalatest.concurrent.TimeLimits.failAfterImpl(TimeLimits.scala:239)
	at org.scalatest.concurrent.TimeLimits.failAfterImpl$(TimeLimits.scala:233)
	at org.scalatest.concurrent.TimeLimits$.failAfterImpl(TimeLimits.scala:305)
	at org.scalatest.concurrent.TimeLimitedTests.withFixture(TimeLimitedTests.scala:153)
	at org.scalatest.concurrent.TimeLimitedTests.withFixture$(TimeLimitedTests.scala:150)
	at infrastructure.TestBase.withFixture(TestBase.scala:9)
	at org.scalatest.FunSuiteLike.invokeWithFixture$1(FunSuiteLike.scala:184)
	at org.scalatest.FunSuiteLike.$anonfun$runTest$1(FunSuiteLike.scala:196)
	at org.scalatest.SuperEngine.runTestImpl(Engine.scala:286)
	at org.scalatest.FunSuiteLike.runTest(FunSuiteLike.scala:196)
	at org.scalatest.FunSuiteLike.runTest$(FunSuiteLike.scala:178)
	at org.scalatest.FunSuite.runTest(FunSuite.scala:1560)
	at org.scalatest.FunSuiteLike.$anonfun$runTests$1(FunSuiteLike.scala:229)
	at org.scalatest.SuperEngine.$anonfun$runTestsInBranch$1(Engine.scala:393)
	at scala.collection.immutable.List.foreach(List.scala:305)
	at org.scalatest.SuperEngine.traverseSubNodes$1(Engine.scala:381)
	at org.scalatest.SuperEngine.runTestsInBranch(Engine.scala:376)
	at org.scalatest.SuperEngine.runTestsImpl(Engine.scala:458)
	at org.scalatest.FunSuiteLike.runTests(FunSuiteLike.scala:229)
	at org.scalatest.FunSuiteLike.runTests$(FunSuiteLike.scala:228)
	at org.scalatest.FunSuite.runTests(FunSuite.scala:1560)
	at org.scalatest.Suite.run(Suite.scala:1124)
	at org.scalatest.Suite.run$(Suite.scala:1106)
	at org.scalatest.FunSuite.org$scalatest$FunSuiteLike$$super$run(FunSuite.scala:1560)
	at org.scalatest.FunSuiteLike.$anonfun$run$1(FunSuiteLike.scala:233)
	at org.scalatest.SuperEngine.runImpl(Engine.scala:518)
	at org.scalatest.FunSuiteLike.run(FunSuiteLike.scala:233)
	at org.scalatest.FunSuiteLike.run$(FunSuiteLike.scala:232)
	at infrastructure.TestBase.run(TestBase.scala:26)
	at org.scalatest.Suite.callExecuteOnSuite$1(Suite.scala:1187)
	at org.scalatest.Suite.$anonfun$runNestedSuites$1(Suite.scala:1234)
	at scala.collection.ArrayOps$.foreach$extension(ArrayOps.scala:1323)
	at org.scalatest.Suite.runNestedSuites(Suite.scala:1232)
	at org.scalatest.Suite.runNestedSuites$(Suite.scala:1166)
	at org.scalatest.Suites.runNestedSuites(Suites.scala:56)
	at org.scalatest.Suite.run(Suite.scala:1121)
	at org.scalatest.Suite.run$(Suite.scala:1106)
	at snake.SnakeTestSuite.runDirect(SnakeTestSuite.scala:24)
	at snake.SnakeTestSuite.run(SnakeTestSuite.scala:16)
	at org.scalatestplus.junit.JUnitRunner.run(JUnitRunner.scala:99)
	at org.gradle.api.internal.tasks.testing.junit.JUnitTestClassExecutor.runTestClass(JUnitTestClassExecutor.java:110)
	at org.gradle.api.internal.tasks.testing.junit.JUnitTestClassExecutor.execute(JUnitTestClassExecutor.java:58)
	at org.gradle.api.internal.tasks.testing.junit.JUnitTestClassExecutor.execute(JUnitTestClassExecutor.java:38)
	at org.gradle.api.internal.tasks.testing.junit.AbstractJUnitTestClassProcessor.processTestClass(AbstractJUnitTestClassProcessor.java:62)
	at org.gradle.api.internal.tasks.testing.SuiteTestClassProcessor.processTestClass(SuiteTestClassProcessor.java:51)
	at sun.reflect.NativeMethodAccessorImpl.invoke0(Native Method)
	at sun.reflect.NativeMethodAccessorImpl.invoke(NativeMethodAccessorImpl.java:62)
	at sun.reflect.DelegatingMethodAccessorImpl.invoke(DelegatingMethodAccessorImpl.java:43)
	at java.lang.reflect.Method.invoke(Method.java:498)
	at org.gradle.internal.dispatch.ReflectionDispatch.dispatch(ReflectionDispatch.java:35)
	at org.gradle.internal.dispatch.ReflectionDispatch.dispatch(ReflectionDispatch.java:24)
	at org.gradle.internal.dispatch.ContextClassLoaderDispatch.dispatch(ContextClassLoaderDispatch.java:32)
	at org.gradle.internal.dispatch.ProxyDispatchAdapter$DispatchingInvocationHandler.invoke(ProxyDispatchAdapter.java:93)
	at com.sun.proxy.$Proxy2.processTestClass(Unknown Source)
	at org.gradle.api.internal.tasks.testing.worker.TestWorker.processTestClass(TestWorker.java:118)
	at sun.reflect.NativeMethodAccessorImpl.invoke0(Native Method)
	at sun.reflect.NativeMethodAccessorImpl.invoke(NativeMethodAccessorImpl.java:62)
	at sun.reflect.DelegatingMethodAccessorImpl.invoke(DelegatingMethodAccessorImpl.java:43)
	at java.lang.reflect.Method.invoke(Method.java:498)
	at org.gradle.internal.dispatch.ReflectionDispatch.dispatch(ReflectionDispatch.java:35)
	at org.gradle.internal.dispatch.ReflectionDispatch.dispatch(ReflectionDispatch.java:24)
	at org.gradle.internal.remote.internal.hub.MessageHubBackedObjectConnection$DispatchWrapper.dispatch(MessageHubBackedObjectConnection.java:175)
	at org.gradle.internal.remote.internal.hub.MessageHubBackedObjectConnection$DispatchWrapper.dispatch(MessageHubBackedObjectConnection.java:157)
	at org.gradle.internal.remote.internal.hub.MessageHub$Handler.run(MessageHub.java:404)
	at org.gradle.internal.concurrent.ExecutorPolicy$CatchAndRecordFailures.onExecute(ExecutorPolicy.java:63)
	at org.gradle.internal.concurrent.ManagedExecutorImpl$1.run(ManagedExecutorImpl.java:46)
	at java.util.concurrent.ThreadPoolExecutor.runWorker(ThreadPoolExecutor.java:1149)
	at java.util.concurrent.ThreadPoolExecutor$Worker.run(ThreadPoolExecutor.java:624)
	at org.gradle.internal.concurrent.ThreadFactoryImpl$ManagedThreadRunnable.run(ThreadFactoryImpl.java:55)
	at java.lang.Thread.run(Thread.java:748)
</failure>
  </testcase>
  <system-out><![CDATA[]]></system-out>
  <system-err><![CDATA[]]></system-err>
</testsuite>
